-------------------------------------------------------------------------------
Test set: com.secretsanta.SecretSantaAssignerTest
-------------------------------------------------------------------------------
Tests run: 2, Failures: 0, Errors: 1, Skipped: 0, Time elapsed: 0.121 s <<< FAILURE! -- in com.secretsanta.SecretSantaAssignerTest
com.secretsanta.SecretSantaAssignerTest.testValidAssignments -- Time elapsed: 0.022 s <<< ERROR!
java.lang.StackOverflowError
	at java.base/java.util.ArrayList.<init>(ArrayList.java:181)
	at com.secretsanta.service.SecretSantaAssigner.assignSecretSantas(SecretSantaAssigner.java:13)
	at com.secretsanta.service.SecretSantaAssigner.assignSecretSantas(SecretSantaAssigner.java:23)
	at com.secretsanta.service.SecretSantaAssigner.assignSecretSantas(SecretSantaAssigner.java:23)
	at com.secretsanta.service.SecretSantaAssigner.assignSecretSantas(SecretSantaAssigner.java:23)
	at com.secretsanta.service.SecretSantaAssigner.assignSecretSantas(SecretSantaAssigner.java:23)
	at com.secretsanta.service.SecretSantaAssigner.assignSecretSantas(SecretSantaAssigner.java:23)
	at com.secretsanta.service.SecretSantaAssigner.assignSecretSantas(SecretSantaAssigner.java:23)
	at com.secretsanta.service.SecretSantaAssigner.assignSecretSantas(SecretSantaAssigner.java:23)
	at com.secretsanta.service.SecretSantaAssigner.assignSecretSantas(SecretSantaAssigner.java:23)
	at com.secretsanta.service.SecretSantaAssigner.assignSecretSantas(SecretSantaAssigner.java:23)
	at com.secretsanta.service.SecretSantaAssigner.assignSecretSantas(SecretSantaAssigner.java:23)
	at com.secretsanta.service.SecretSantaAssigner.assignSecretSantas(SecretSantaAssigner.java:23)
	at com.secretsanta.service.SecretSantaAssigner.assignSecretSantas(SecretSantaAssigner.java:23)
	at com.secretsanta.service.SecretSantaAssigner.assignSecretSantas(SecretSantaAssigner.java:23)
	at com.secretsanta.service.SecretSantaAssigner.assignSecretSantas(SecretSantaAssigner.java:23)
	at com.secretsanta.service.SecretSantaAssigner.assignSecretSantas(SecretSantaAssigner.java:23)
	at com.secretsanta.service.SecretSantaAssigner.assignSecretSantas(SecretSantaAssigner.java:23)
	at com.secretsanta.service.SecretSantaAssigner.assignSecretSantas(SecretSantaAssigner.java:23)
	at com.secretsanta.service.SecretSantaAssigner.assignSecretSantas(SecretSantaAssigner.java:23)
	at com.secretsanta.service.SecretSantaAssigner.assignSecretSantas(SecretSantaAssigner.java:23)
	at com.secretsanta.service.SecretSantaAssigner.assignSecretSantas(SecretSantaAssigner.java:23)
	at com.secretsanta.service.SecretSantaAssigner.assignSecretSantas(SecretSantaAssigner.java:23)
	at com.secretsanta.service.SecretSantaAssigner.assignSecretSantas(SecretSantaAssigner.java:23)
	at com.secretsanta.service.SecretSantaAssigner.assignSecretSantas(SecretSantaAssigner.java:23)
	at com.secretsanta.service.SecretSantaAssigner.assignSecretSantas(SecretSantaAssigner.java:23)
	at com.secretsanta.service.SecretSantaAssigner.assignSecretSantas(SecretSantaAssigner.java:23)
	at com.secretsanta.service.SecretSantaAssigner.assignSecretSantas(SecretSantaAssigner.java:23)
	at com.secretsanta.service.SecretSantaAssigner.assignSecretSantas(SecretSantaAssigner.java:23)
	at com.secretsanta.service.SecretSantaAssigner.assignSecretSantas(SecretSantaAssigner.java:23)
	at com.secretsanta.service.SecretSantaAssigner.assignSecretSantas(SecretSantaAssigner.java:23)
	at com.secretsanta.service.SecretSantaAssigner.assignSecretSantas(SecretSantaAssigner.java:23)
	at com.secretsanta.service.SecretSantaAssigner.assignSecretSantas(SecretSantaAssigner.java:23)
	at com.secretsanta.service.SecretSantaAssigner.assignSecretSantas(SecretSantaAssigner.java:23)
	at com.secretsanta.service.SecretSantaAssigner.assignSecretSantas(SecretSantaAssigner.java:23)
	at com.secretsanta.service.SecretSantaAssigner.assignSecretSantas(SecretSantaAssigner.java:23)
	at com.secretsanta.service.SecretSantaAssigner.assignSecretSantas(SecretSantaAssigner.java:23)
	at com.secretsanta.service.SecretSantaAssigner.assignSecretSantas(SecretSantaAssigner.java:23)
	at com.secretsanta.service.SecretSantaAssigner.assignSecretSantas(SecretSantaAssigner.java:23)
	at com.secretsanta.service.SecretSantaAssigner.assignSecretSantas(SecretSantaAssigner.java:23)
	at com.secretsanta.service.SecretSantaAssigner.assignSecretSantas(SecretSantaAssigner.java:23)
	at com.secretsanta.service.SecretSantaAssigner.assignSecretSantas(SecretSantaAssigner.java:23)
	at com.secretsanta.service.SecretSantaAssigner.assignSecretSantas(SecretSantaAssigner.java:23)
	at com.secretsanta.service.SecretSantaAssigner.assignSecretSantas(SecretSantaAssigner.java:23)
	at com.secretsanta.service.SecretSantaAssigner.assignSecretSantas(SecretSantaAssigner.java:23)
	at com.secretsanta.service.SecretSantaAssigner.assignSecretSantas(SecretSantaAssigner.java:23)
	at com.secretsanta.service.SecretSantaAssigner.assignSecretSantas(SecretSantaAssigner.java:23)
	at com.secretsanta.service.SecretSantaAssigner.assignSecretSantas(SecretSantaAssigner.java:23)
	at com.secretsanta.service.SecretSantaAssigner.assignSecretSantas(SecretSantaAssigner.java:23)
	at com.secretsanta.service.SecretSantaAssigner.assignSecretSantas(SecretSantaAssigner.java:23)
	at com.secretsanta.service.SecretSantaAssigner.assignSecretSantas(SecretSantaAssigner.java:23)
	at com.secretsanta.service.SecretSantaAssigner.assignSecretSantas(SecretSantaAssigner.java:23)
	at com.secretsanta.service.SecretSantaAssigner.assignSecretSantas(SecretSantaAssigner.java:23)
	at com.secretsanta.service.SecretSantaAssigner.assignSecretSantas(SecretSantaAssigner.java:23)
	at com.secretsanta.service.SecretSantaAssigner.assignSecretSantas(SecretSantaAssigner.java:23)
	at com.secretsanta.service.SecretSantaAssigner.assignSecretSantas(SecretSantaAssigner.java:23)
	at com.secretsanta.service.SecretSantaAssigner.assignSecretSantas(SecretSantaAssigner.java:23)
	at com.secretsanta.service.SecretSantaAssigner.assignSecretSantas(SecretSantaAssigner.java:23)
	at com.secretsanta.service.SecretSantaAssigner.assignSecretSantas(SecretSantaAssigner.java:23)
	at com.secretsanta.service.SecretSantaAssigner.assignSecretSantas(SecretSantaAssigner.java:23)
	at com.secretsanta.service.SecretSantaAssigner.assignSecretSantas(SecretSantaAssigner.java:23)
	at com.secretsanta.service.SecretSantaAssigner.assignSecretSantas(SecretSantaAssigner.java:23)
	at com.secretsanta.service.SecretSantaAssigner.assignSecretSantas(SecretSantaAssigner.java:23)
	at com.secretsanta.service.SecretSantaAssigner.assignSecretSantas(SecretSantaAssigner.java:23)
	at com.secretsanta.service.SecretSantaAssigner.assignSecretSantas(SecretSantaAssigner.java:23)
	at com.secretsanta.service.SecretSantaAssigner.assignSecretSantas(SecretSantaAssigner.java:23)
	at com.secretsanta.service.SecretSantaAssigner.assignSecretSantas(SecretSantaAssigner.java:23)
	at com.secretsanta.service.SecretSantaAssigner.assignSecretSantas(SecretSantaAssigner.java:23)
	at com.secretsanta.service.SecretSantaAssigner.assignSecretSantas(SecretSantaAssigner.java:23)
	at com.secretsanta.service.SecretSantaAssigner.assignSecretSantas(SecretSantaAssigner.java:23)
	at com.secretsanta.service.SecretSantaAssigner.assignSecretSantas(SecretSantaAssigner.java:23)
	at com.secretsanta.service.SecretSantaAssigner.assignSecretSantas(SecretSantaAssigner.java:23)
	at com.secretsanta.service.SecretSantaAssigner.assignSecretSantas(SecretSantaAssigner.java:23)
	at com.secretsanta.service.SecretSantaAssigner.assignSecretSantas(SecretSantaAssigner.java:23)
	at com.secretsanta.service.SecretSantaAssigner.assignSecretSantas(SecretSantaAssigner.java:23)
	at com.secretsanta.service.SecretSantaAssigner.assignSecretSantas(SecretSantaAssigner.java:23)
	at com.secretsanta.service.SecretSantaAssigner.assignSecretSantas(SecretSantaAssigner.java:23)
	at com.secretsanta.service.SecretSantaAssigner.assignSecretSantas(SecretSantaAssigner.java:23)
	at com.secretsanta.service.SecretSantaAssigner.assignSecretSantas(SecretSantaAssigner.java:23)
	at com.secretsanta.service.SecretSantaAssigner.assignSecretSantas(SecretSantaAssigner.java:23)
	at com.secretsanta.service.SecretSantaAssigner.assignSecretSantas(SecretSantaAssigner.java:23)
	at com.secretsanta.service.SecretSantaAssigner.assignSecretSantas(SecretSantaAssigner.java:23)
	at com.secretsanta.service.SecretSantaAssigner.assignSecretSantas(SecretSantaAssigner.java:23)
	at com.secretsanta.service.SecretSantaAssigner.assignSecretSantas(SecretSantaAssigner.java:23)
	at com.secretsanta.service.SecretSantaAssigner.assignSecretSantas(SecretSantaAssigner.java:23)
	at com.secretsanta.service.SecretSantaAssigner.assignSecretSantas(SecretSantaAssigner.java:23)
	at com.secretsanta.service.SecretSantaAssigner.assignSecretSantas(SecretSantaAssigner.java:23)
	at com.secretsanta.service.SecretSantaAssigner.assignSecretSantas(SecretSantaAssigner.java:23)
	at com.secretsanta.service.SecretSantaAssigner.assignSecretSantas(SecretSantaAssigner.java:23)
	at com.secretsanta.service.SecretSantaAssigner.assignSecretSantas(SecretSantaAssigner.java:23)
	at com.secretsanta.service.SecretSantaAssigner.assignSecretSantas(SecretSantaAssigner.java:23)
	at com.secretsanta.service.SecretSantaAssigner.assignSecretSantas(SecretSantaAssigner.java:23)
	at com.secretsanta.service.SecretSantaAssigner.assignSecretSantas(SecretSantaAssigner.java:23)
	at com.secretsanta.service.SecretSantaAssigner.assignSecretSantas(SecretSantaAssigner.java:23)
	at com.secretsanta.service.SecretSantaAssigner.assignSecretSantas(SecretSantaAssigner.java:23)
	at com.secretsanta.service.SecretSantaAssigner.assignSecretSantas(SecretSantaAssigner.java:23)
	at com.secretsanta.service.SecretSantaAssigner.assignSecretSantas(SecretSantaAssigner.java:23)
	at com.secretsanta.service.SecretSantaAssigner.assignSecretSantas(SecretSantaAssigner.java:23)
	at com.secretsanta.service.SecretSantaAssigner.assignSecretSantas(SecretSantaAssigner.java:23)
	at com.secretsanta.service.SecretSantaAssigner.assignSecretSantas(SecretSantaAssigner.java:23)
	at com.secretsanta.service.SecretSantaAssigner.assignSecretSantas(SecretSantaAssigner.java:23)
	at com.secretsanta.service.SecretSantaAssigner.assignSecretSantas(SecretSantaAssigner.java:23)
	at com.secretsanta.service.SecretSantaAssigner.assignSecretSantas(SecretSantaAssigner.java:23)
	at com.secretsanta.service.SecretSantaAssigner.assignSecretSantas(SecretSantaAssigner.java:23)
	at com.secretsanta.service.SecretSantaAssigner.assignSecretSantas(SecretSantaAssigner.java:23)
	at com.secretsanta.service.SecretSantaAssigner.assignSecretSantas(SecretSantaAssigner.java:23)
	at com.secretsanta.service.SecretSantaAssigner.assignSecretSantas(SecretSantaAssigner.java:23)
	at com.secretsanta.service.SecretSantaAssigner.assignSecretSantas(SecretSantaAssigner.java:23)
	at com.secretsanta.service.SecretSantaAssigner.assignSecretSantas(SecretSantaAssigner.java:23)
	at com.secretsanta.service.SecretSantaAssigner.assignSecretSantas(SecretSantaAssigner.java:23)
	at com.secretsanta.service.SecretSantaAssigner.assignSecretSantas(SecretSantaAssigner.java:23)
	at com.secretsanta.service.SecretSantaAssigner.assignSecretSantas(SecretSantaAssigner.java:23)
	at com.secretsanta.service.SecretSantaAssigner.assignSecretSantas(SecretSantaAssigner.java:23)
	at com.secretsanta.service.SecretSantaAssigner.assignSecretSantas(SecretSantaAssigner.java:23)
	at com.secretsanta.service.SecretSantaAssigner.assignSecretSantas(SecretSantaAssigner.java:23)
	at com.secretsanta.service.SecretSantaAssigner.assignSecretSantas(SecretSantaAssigner.java:23)
	at com.secretsanta.service.SecretSantaAssigner.assignSecretSantas(SecretSantaAssigner.java:23)
	at com.secretsanta.service.SecretSantaAssigner.assignSecretSantas(SecretSantaAssigner.java:23)
	at com.secretsanta.service.SecretSantaAssigner.assignSecretSantas(SecretSantaAssigner.java:23)
	at com.secretsanta.service.SecretSantaAssigner.assignSecretSantas(SecretSantaAssigner.java:23)
	at com.secretsanta.service.SecretSantaAssigner.assignSecretSantas(SecretSantaAssigner.java:23)
	at com.secretsanta.service.SecretSantaAssigner.assignSecretSantas(SecretSantaAssigner.java:23)
	at com.secretsanta.service.SecretSantaAssigner.assignSecretSantas(SecretSantaAssigner.java:23)
	at com.secretsanta.service.SecretSantaAssigner.assignSecretSantas(SecretSantaAssigner.java:23)
	at com.secretsanta.service.SecretSantaAssigner.assignSecretSantas(SecretSantaAssigner.java:23)
	at com.secretsanta.service.SecretSantaAssigner.assignSecretSantas(SecretSantaAssigner.java:23)
	at com.secretsanta.service.SecretSantaAssigner.assignSecretSantas(SecretSantaAssigner.java:23)
	at com.secretsanta.service.SecretSantaAssigner.assignSecretSantas(SecretSantaAssigner.java:23)
	at com.secretsanta.service.SecretSantaAssigner.assignSecretSantas(SecretSantaAssigner.java:23)
	at com.secretsanta.service.SecretSantaAssigner.assignSecretSantas(SecretSantaAssigner.java:23)
	at com.secretsanta.service.SecretSantaAssigner.assignSecretSantas(SecretSantaAssigner.java:23)
	at com.secretsanta.service.SecretSantaAssigner.assignSecretSantas(SecretSantaAssigner.java:23)
	at com.secretsanta.service.SecretSantaAssigner.assignSecretSantas(SecretSantaAssigner.java:23)
	at com.secretsanta.service.SecretSantaAssigner.assignSecretSantas(SecretSantaAssigner.java:23)
	at com.secretsanta.service.SecretSantaAssigner.assignSecretSantas(SecretSantaAssigner.java:23)
	at com.secretsanta.service.SecretSantaAssigner.assignSecretSantas(SecretSantaAssigner.java:23)
	at com.secretsanta.service.SecretSantaAssigner.assignSecretSantas(SecretSantaAssigner.java:23)
	at com.secretsanta.service.SecretSantaAssigner.assignSecretSantas(SecretSantaAssigner.java:23)
	at com.secretsanta.service.SecretSantaAssigner.assignSecretSantas(SecretSantaAssigner.java:23)
	at com.secretsanta.service.SecretSantaAssigner.assignSecretSantas(SecretSantaAssigner.java:23)
	at com.secretsanta.service.SecretSantaAssigner.assignSecretSantas(SecretSantaAssigner.java:23)
	at com.secretsanta.service.SecretSantaAssigner.assignSecretSantas(SecretSantaAssigner.java:23)
	at com.secretsanta.service.SecretSantaAssigner.assignSecretSantas(SecretSantaAssigner.java:23)
	at com.secretsanta.service.SecretSantaAssigner.assignSecretSantas(SecretSantaAssigner.java:23)
	at com.secretsanta.service.SecretSantaAssigner.assignSecretSantas(SecretSantaAssigner.java:23)
	at com.secretsanta.service.SecretSantaAssigner.assignSecretSantas(SecretSantaAssigner.java:23)
	at com.secretsanta.service.SecretSantaAssigner.assignSecretSantas(SecretSantaAssigner.java:23)
	at com.secretsanta.service.SecretSantaAssigner.assignSecretSantas(SecretSantaAssigner.java:23)
	at com.secretsanta.service.SecretSantaAssigner.assignSecretSantas(SecretSantaAssigner.java:23)
	at com.secretsanta.service.SecretSantaAssigner.assignSecretSantas(SecretSantaAssigner.java:23)
	at com.secretsanta.service.SecretSantaAssigner.assignSecretSantas(SecretSantaAssigner.java:23)
	at com.secretsanta.service.SecretSantaAssigner.assignSecretSantas(SecretSantaAssigner.java:23)
	at com.secretsanta.service.SecretSantaAssigner.assignSecretSantas(SecretSantaAssigner.java:23)
	at com.secretsanta.service.SecretSantaAssigner.assignSecretSantas(SecretSantaAssigner.java:23)
	at com.secretsanta.service.SecretSantaAssigner.assignSecretSantas(SecretSantaAssigner.java:23)
	at com.secretsanta.service.SecretSantaAssigner.assignSecretSantas(SecretSantaAssigner.java:23)
	at com.secretsanta.service.SecretSantaAssigner.assignSecretSantas(SecretSantaAssigner.java:23)
	at com.secretsanta.service.SecretSantaAssigner.assignSecretSantas(SecretSantaAssigner.java:23)
	at com.secretsanta.service.SecretSantaAssigner.assignSecretSantas(SecretSantaAssigner.java:23)
	at com.secretsanta.service.SecretSantaAssigner.assignSecretSantas(SecretSantaAssigner.java:23)
	at com.secretsanta.service.SecretSantaAssigner.assignSecretSantas(SecretSantaAssigner.java:23)
	at com.secretsanta.service.SecretSantaAssigner.assignSecretSantas(SecretSantaAssigner.java:23)
	at com.secretsanta.service.SecretSantaAssigner.assignSecretSantas(SecretSantaAssigner.java:23)
	at com.secretsanta.service.SecretSantaAssigner.assignSecretSantas(SecretSantaAssigner.java:23)
	at com.secretsanta.service.SecretSantaAssigner.assignSecretSantas(SecretSantaAssigner.java:23)
	at com.secretsanta.service.SecretSantaAssigner.assignSecretSantas(SecretSantaAssigner.java:23)
	at com.secretsanta.service.SecretSantaAssigner.assignSecretSantas(SecretSantaAssigner.java:23)
	at com.secretsanta.service.SecretSantaAssigner.assignSecretSantas(SecretSantaAssigner.java:23)
	at com.secretsanta.service.SecretSantaAssigner.assignSecretSantas(SecretSantaAssigner.java:23)
	at com.secretsanta.service.SecretSantaAssigner.assignSecretSantas(SecretSantaAssigner.java:23)
	at com.secretsanta.service.SecretSantaAssigner.assignSecretSantas(SecretSantaAssigner.java:23)
	at com.secretsanta.service.SecretSantaAssigner.assignSecretSantas(SecretSantaAssigner.java:23)
	at com.secretsanta.service.SecretSantaAssigner.assignSecretSantas(SecretSantaAssigner.java:23)
	at com.secretsanta.service.SecretSantaAssigner.assignSecretSantas(SecretSantaAssigner.java:23)
	at com.secretsanta.service.SecretSantaAssigner.assignSecretSantas(SecretSantaAssigner.java:23)
	at com.secretsanta.service.SecretSantaAssigner.assignSecretSantas(SecretSantaAssigner.java:23)
	at com.secretsanta.service.SecretSantaAssigner.assignSecretSantas(SecretSantaAssigner.java:23)
	at com.secretsanta.service.SecretSantaAssigner.assignSecretSantas(SecretSantaAssigner.java:23)
	at com.secretsanta.service.SecretSantaAssigner.assignSecretSantas(SecretSantaAssigner.java:23)
	at com.secretsanta.service.SecretSantaAssigner.assignSecretSantas(SecretSantaAssigner.java:23)
	at com.secretsanta.service.SecretSantaAssigner.assignSecretSantas(SecretSantaAssigner.java:23)
	at com.secretsanta.service.SecretSantaAssigner.assignSecretSantas(SecretSantaAssigner.java:23)
	at com.secretsanta.service.SecretSantaAssigner.assignSecretSantas(SecretSantaAssigner.java:23)
	at com.secretsanta.service.SecretSantaAssigner.assignSecretSantas(SecretSantaAssigner.java:23)
	at com.secretsanta.service.SecretSantaAssigner.assignSecretSantas(SecretSantaAssigner.java:23)
	at com.secretsanta.service.SecretSantaAssigner.assignSecretSantas(SecretSantaAssigner.java:23)
	at com.secretsanta.service.SecretSantaAssigner.assignSecretSantas(SecretSantaAssigner.java:23)
	at com.secretsanta.service.SecretSantaAssigner.assignSecretSantas(SecretSantaAssigner.java:23)
	at com.secretsanta.service.SecretSantaAssigner.assignSecretSantas(SecretSantaAssigner.java:23)
	at com.secretsanta.service.SecretSantaAssigner.assignSecretSantas(SecretSantaAssigner.java:23)
	at com.secretsanta.service.SecretSantaAssigner.assignSecretSantas(SecretSantaAssigner.java:23)
	at com.secretsanta.service.SecretSantaAssigner.assignSecretSantas(SecretSantaAssigner.java:23)
	at com.secretsanta.service.SecretSantaAssigner.assignSecretSantas(SecretSantaAssigner.java:23)
	at com.secretsanta.service.SecretSantaAssigner.assignSecretSantas(SecretSantaAssigner.java:23)
	at com.secretsanta.service.SecretSantaAssigner.assignSecretSantas(SecretSantaAssigner.java:23)
	at com.secretsanta.service.SecretSantaAssigner.assignSecretSantas(SecretSantaAssigner.java:23)
	at com.secretsanta.service.SecretSantaAssigner.assignSecretSantas(SecretSantaAssigner.java:23)
	at com.secretsanta.service.SecretSantaAssigner.assignSecretSantas(SecretSantaAssigner.java:23)
	at com.secretsanta.service.SecretSantaAssigner.assignSecretSantas(SecretSantaAssigner.java:23)
	at com.secretsanta.service.SecretSantaAssigner.assignSecretSantas(SecretSantaAssigner.java:23)
	at com.secretsanta.service.SecretSantaAssigner.assignSecretSantas(SecretSantaAssigner.java:23)
	at com.secretsanta.service.SecretSantaAssigner.assignSecretSantas(SecretSantaAssigner.java:23)
	at com.secretsanta.service.SecretSantaAssigner.assignSecretSantas(SecretSantaAssigner.java:23)
	at com.secretsanta.service.SecretSantaAssigner.assignSecretSantas(SecretSantaAssigner.java:23)
	at com.secretsanta.service.SecretSantaAssigner.assignSecretSantas(SecretSantaAssigner.java:23)
	at com.secretsanta.service.SecretSantaAssigner.assignSecretSantas(SecretSantaAssigner.java:23)
	at com.secretsanta.service.SecretSantaAssigner.assignSecretSantas(SecretSantaAssigner.java:23)
	at com.secretsanta.service.SecretSantaAssigner.assignSecretSantas(SecretSantaAssigner.java:23)
	at com.secretsanta.service.SecretSantaAssigner.assignSecretSantas(SecretSantaAssigner.java:23)
	at com.secretsanta.service.SecretSantaAssigner.assignSecretSantas(SecretSantaAssigner.java:23)
	at com.secretsanta.service.SecretSantaAssigner.assignSecretSantas(SecretSantaAssigner.java:23)
	at com.secretsanta.service.SecretSantaAssigner.assignSecretSantas(SecretSantaAssigner.java:23)
	at com.secretsanta.service.SecretSantaAssigner.assignSecretSantas(SecretSantaAssigner.java:23)
	at com.secretsanta.service.SecretSantaAssigner.assignSecretSantas(SecretSantaAssigner.java:23)
	at com.secretsanta.service.SecretSantaAssigner.assignSecretSantas(SecretSantaAssigner.java:23)
	at com.secretsanta.service.SecretSantaAssigner.assignSecretSantas(SecretSantaAssigner.java:23)
	at com.secretsanta.service.SecretSantaAssigner.assignSecretSantas(SecretSantaAssigner.java:23)
	at com.secretsanta.service.SecretSantaAssigner.assignSecretSantas(SecretSantaAssigner.java:23)
	at com.secretsanta.service.SecretSantaAssigner.assignSecretSantas(SecretSantaAssigner.java:23)
	at com.secretsanta.service.SecretSantaAssigner.assignSecretSantas(SecretSantaAssigner.java:23)
	at com.secretsanta.service.SecretSantaAssigner.assignSecretSantas(SecretSantaAssigner.java:23)
	at com.secretsanta.service.SecretSantaAssigner.assignSecretSantas(SecretSantaAssigner.java:23)
	at com.secretsanta.service.SecretSantaAssigner.assignSecretSantas(SecretSantaAssigner.java:23)
	at com.secretsanta.service.SecretSantaAssigner.assignSecretSantas(SecretSantaAssigner.java:23)
	at com.secretsanta.service.SecretSantaAssigner.assignSecretSantas(SecretSantaAssigner.java:23)
	at com.secretsanta.service.SecretSantaAssigner.assignSecretSantas(SecretSantaAssigner.java:23)
	at com.secretsanta.service.SecretSantaAssigner.assignSecretSantas(SecretSantaAssigner.java:23)
	at com.secretsanta.service.SecretSantaAssigner.assignSecretSantas(SecretSantaAssigner.java:23)
	at com.secretsanta.service.SecretSantaAssigner.assignSecretSantas(SecretSantaAssigner.java:23)
	at com.secretsanta.service.SecretSantaAssigner.assignSecretSantas(SecretSantaAssigner.java:23)
	at com.secretsanta.service.SecretSantaAssigner.assignSecretSantas(SecretSantaAssigner.java:23)
	at com.secretsanta.service.SecretSantaAssigner.assignSecretSantas(SecretSantaAssigner.java:23)
	at com.secretsanta.service.SecretSantaAssigner.assignSecretSantas(SecretSantaAssigner.java:23)
	at com.secretsanta.service.SecretSantaAssigner.assignSecretSantas(SecretSantaAssigner.java:23)
	at com.secretsanta.service.SecretSantaAssigner.assignSecretSantas(SecretSantaAssigner.java:23)
	at com.secretsanta.service.SecretSantaAssigner.assignSecretSantas(SecretSantaAssigner.java:23)
	at com.secretsanta.service.SecretSantaAssigner.assignSecretSantas(SecretSantaAssigner.java:23)
	at com.secretsanta.service.SecretSantaAssigner.assignSecretSantas(SecretSantaAssigner.java:23)
	at com.secretsanta.service.SecretSantaAssigner.assignSecretSantas(SecretSantaAssigner.java:23)
	at com.secretsanta.service.SecretSantaAssigner.assignSecretSantas(SecretSantaAssigner.java:23)
	at com.secretsanta.service.SecretSantaAssigner.assignSecretSantas(SecretSantaAssigner.java:23)
	at com.secretsanta.service.SecretSantaAssigner.assignSecretSantas(SecretSantaAssigner.java:23)
	at com.secretsanta.service.SecretSantaAssigner.assignSecretSantas(SecretSantaAssigner.java:23)
	at com.secretsanta.service.SecretSantaAssigner.assignSecretSantas(SecretSantaAssigner.java:23)
	at com.secretsanta.service.SecretSantaAssigner.assignSecretSantas(SecretSantaAssigner.java:23)
	at com.secretsanta.service.SecretSantaAssigner.assignSecretSantas(SecretSantaAssigner.java:23)
	at com.secretsanta.service.SecretSantaAssigner.assignSecretSantas(SecretSantaAssigner.java:23)
	at com.secretsanta.service.SecretSantaAssigner.assignSecretSantas(SecretSantaAssigner.java:23)
	at com.secretsanta.service.SecretSantaAssigner.assignSecretSantas(SecretSantaAssigner.java:23)
	at com.secretsanta.service.SecretSantaAssigner.assignSecretSantas(SecretSantaAssigner.java:23)
	at com.secretsanta.service.SecretSantaAssigner.assignSecretSantas(SecretSantaAssigner.java:23)
	at com.secretsanta.service.SecretSantaAssigner.assignSecretSantas(SecretSantaAssigner.java:23)
	at com.secretsanta.service.SecretSantaAssigner.assignSecretSantas(SecretSantaAssigner.java:23)
	at com.secretsanta.service.SecretSantaAssigner.assignSecretSantas(SecretSantaAssigner.java:23)
	at com.secretsanta.service.SecretSantaAssigner.assignSecretSantas(SecretSantaAssigner.java:23)
	at com.secretsanta.service.SecretSantaAssigner.assignSecretSantas(SecretSantaAssigner.java:23)
	at com.secretsanta.service.SecretSantaAssigner.assignSecretSantas(SecretSantaAssigner.java:23)
	at com.secretsanta.service.SecretSantaAssigner.assignSecretSantas(SecretSantaAssigner.java:23)
	at com.secretsanta.service.SecretSantaAssigner.assignSecretSantas(SecretSantaAssigner.java:23)
	at com.secretsanta.service.SecretSantaAssigner.assignSecretSantas(SecretSantaAssigner.java:23)
	at com.secretsanta.service.SecretSantaAssigner.assignSecretSantas(SecretSantaAssigner.java:23)
	at com.secretsanta.service.SecretSantaAssigner.assignSecretSantas(SecretSantaAssigner.java:23)
	at com.secretsanta.service.SecretSantaAssigner.assignSecretSantas(SecretSantaAssigner.java:23)
	at com.secretsanta.service.SecretSantaAssigner.assignSecretSantas(SecretSantaAssigner.java:23)
	at com.secretsanta.service.SecretSantaAssigner.assignSecretSantas(SecretSantaAssigner.java:23)
	at com.secretsanta.service.SecretSantaAssigner.assignSecretSantas(SecretSantaAssigner.java:23)
	at com.secretsanta.service.SecretSantaAssigner.assignSecretSantas(SecretSantaAssigner.java:23)
	at com.secretsanta.service.SecretSantaAssigner.assignSecretSantas(SecretSantaAssigner.java:23)
	at com.secretsanta.service.SecretSantaAssigner.assignSecretSantas(SecretSantaAssigner.java:23)
	at com.secretsanta.service.SecretSantaAssigner.assignSecretSantas(SecretSantaAssigner.java:23)
	at com.secretsanta.service.SecretSantaAssigner.assignSecretSantas(SecretSantaAssigner.java:23)
	at com.secretsanta.service.SecretSantaAssigner.assignSecretSantas(SecretSantaAssigner.java:23)
	at com.secretsanta.service.SecretSantaAssigner.assignSecretSantas(SecretSantaAssigner.java:23)
	at com.secretsanta.service.SecretSantaAssigner.assignSecretSantas(SecretSantaAssigner.java:23)
	at com.secretsanta.service.SecretSantaAssigner.assignSecretSantas(SecretSantaAssigner.java:23)
	at com.secretsanta.service.SecretSantaAssigner.assignSecretSantas(SecretSantaAssigner.java:23)
	at com.secretsanta.service.SecretSantaAssigner.assignSecretSantas(SecretSantaAssigner.java:23)
	at com.secretsanta.service.SecretSantaAssigner.assignSecretSantas(SecretSantaAssigner.java:23)
	at com.secretsanta.service.SecretSantaAssigner.assignSecretSantas(SecretSantaAssigner.java:23)
	at com.secretsanta.service.SecretSantaAssigner.assignSecretSantas(SecretSantaAssigner.java:23)
	at com.secretsanta.service.SecretSantaAssigner.assignSecretSantas(SecretSantaAssigner.java:23)
	at com.secretsanta.service.SecretSantaAssigner.assignSecretSantas(SecretSantaAssigner.java:23)
	at com.secretsanta.service.SecretSantaAssigner.assignSecretSantas(SecretSantaAssigner.java:23)
	at com.secretsanta.service.SecretSantaAssigner.assignSecretSantas(SecretSantaAssigner.java:23)
	at com.secretsanta.service.SecretSantaAssigner.assignSecretSantas(SecretSantaAssigner.java:23)
	at com.secretsanta.service.SecretSantaAssigner.assignSecretSantas(SecretSantaAssigner.java:23)
	at com.secretsanta.service.SecretSantaAssigner.assignSecretSantas(SecretSantaAssigner.java:23)
	at com.secretsanta.service.SecretSantaAssigner.assignSecretSantas(SecretSantaAssigner.java:23)
	at com.secretsanta.service.SecretSantaAssigner.assignSecretSantas(SecretSantaAssigner.java:23)
	at com.secretsanta.service.SecretSantaAssigner.assignSecretSantas(SecretSantaAssigner.java:23)
	at com.secretsanta.service.SecretSantaAssigner.assignSecretSantas(SecretSantaAssigner.java:23)
	at com.secretsanta.service.SecretSantaAssigner.assignSecretSantas(SecretSantaAssigner.java:23)
	at com.secretsanta.service.SecretSantaAssigner.assignSecretSantas(SecretSantaAssigner.java:23)
	at com.secretsanta.service.SecretSantaAssigner.assignSecretSantas(SecretSantaAssigner.java:23)
	at com.secretsanta.service.SecretSantaAssigner.assignSecretSantas(SecretSantaAssigner.java:23)
	at com.secretsanta.service.SecretSantaAssigner.assignSecretSantas(SecretSantaAssigner.java:23)
	at com.secretsanta.service.SecretSantaAssigner.assignSecretSantas(SecretSantaAssigner.java:23)
	at com.secretsanta.service.SecretSantaAssigner.assignSecretSantas(SecretSantaAssigner.java:23)
	at com.secretsanta.service.SecretSantaAssigner.assignSecretSantas(SecretSantaAssigner.java:23)
	at com.secretsanta.service.SecretSantaAssigner.assignSecretSantas(SecretSantaAssigner.java:23)
	at com.secretsanta.service.SecretSantaAssigner.assignSecretSantas(SecretSantaAssigner.java:23)
	at com.secretsanta.service.SecretSantaAssigner.assignSecretSantas(SecretSantaAssigner.java:23)
	at com.secretsanta.service.SecretSantaAssigner.assignSecretSantas(SecretSantaAssigner.java:23)
	at com.secretsanta.service.SecretSantaAssigner.assignSecretSantas(SecretSantaAssigner.java:23)
	at com.secretsanta.service.SecretSantaAssigner.assignSecretSantas(SecretSantaAssigner.java:23)
	at com.secretsanta.service.SecretSantaAssigner.assignSecretSantas(SecretSantaAssigner.java:23)
	at com.secretsanta.service.SecretSantaAssigner.assignSecretSantas(SecretSantaAssigner.java:23)
	at com.secretsanta.service.SecretSantaAssigner.assignSecretSantas(SecretSantaAssigner.java:23)
	at com.secretsanta.service.SecretSantaAssigner.assignSecretSantas(SecretSantaAssigner.java:23)
	at com.secretsanta.service.SecretSantaAssigner.assignSecretSantas(SecretSantaAssigner.java:23)
	at com.secretsanta.service.SecretSantaAssigner.assignSecretSantas(SecretSantaAssigner.java:23)
	at com.secretsanta.service.SecretSantaAssigner.assignSecretSantas(SecretSantaAssigner.java:23)
	at com.secretsanta.service.SecretSantaAssigner.assignSecretSantas(SecretSantaAssigner.java:23)
	at com.secretsanta.service.SecretSantaAssigner.assignSecretSantas(SecretSantaAssigner.java:23)
	at com.secretsanta.service.SecretSantaAssigner.assignSecretSantas(SecretSantaAssigner.java:23)
	at com.secretsanta.service.SecretSantaAssigner.assignSecretSantas(SecretSantaAssigner.java:23)
	at com.secretsanta.service.SecretSantaAssigner.assignSecretSantas(SecretSantaAssigner.java:23)
	at com.secretsanta.service.SecretSantaAssigner.assignSecretSantas(SecretSantaAssigner.java:23)
	at com.secretsanta.service.SecretSantaAssigner.assignSecretSantas(SecretSantaAssigner.java:23)
	at com.secretsanta.service.SecretSantaAssigner.assignSecretSantas(SecretSantaAssigner.java:23)
	at com.secretsanta.service.SecretSantaAssigner.assignSecretSantas(SecretSantaAssigner.java:23)
	at com.secretsanta.service.SecretSantaAssigner.assignSecretSantas(SecretSantaAssigner.java:23)
	at com.secretsanta.service.SecretSantaAssigner.assignSecretSantas(SecretSantaAssigner.java:23)
	at com.secretsanta.service.SecretSantaAssigner.assignSecretSantas(SecretSantaAssigner.java:23)
	at com.secretsanta.service.SecretSantaAssigner.assignSecretSantas(SecretSantaAssigner.java:23)
	at com.secretsanta.service.SecretSantaAssigner.assignSecretSantas(SecretSantaAssigner.java:23)
	at com.secretsanta.service.SecretSantaAssigner.assignSecretSantas(SecretSantaAssigner.java:23)
	at com.secretsanta.service.SecretSantaAssigner.assignSecretSantas(SecretSantaAssigner.java:23)
	at com.secretsanta.service.SecretSantaAssigner.assignSecretSantas(SecretSantaAssigner.java:23)
	at com.secretsanta.service.SecretSantaAssigner.assignSecretSantas(SecretSantaAssigner.java:23)
	at com.secretsanta.service.SecretSantaAssigner.assignSecretSantas(SecretSantaAssigner.java:23)
	at com.secretsanta.service.SecretSantaAssigner.assignSecretSantas(SecretSantaAssigner.java:23)
	at com.secretsanta.service.SecretSantaAssigner.assignSecretSantas(SecretSantaAssigner.java:23)
	at com.secretsanta.service.SecretSantaAssigner.assignSecretSantas(SecretSantaAssigner.java:23)
	at com.secretsanta.service.SecretSantaAssigner.assignSecretSantas(SecretSantaAssigner.java:23)
	at com.secretsanta.service.SecretSantaAssigner.assignSecretSantas(SecretSantaAssigner.java:23)
	at com.secretsanta.service.SecretSantaAssigner.assignSecretSantas(SecretSantaAssigner.java:23)
	at com.secretsanta.service.SecretSantaAssigner.assignSecretSantas(SecretSantaAssigner.java:23)
	at com.secretsanta.service.SecretSantaAssigner.assignSecretSantas(SecretSantaAssigner.java:23)
	at com.secretsanta.service.SecretSantaAssigner.assignSecretSantas(SecretSantaAssigner.java:23)
	at com.secretsanta.service.SecretSantaAssigner.assignSecretSantas(SecretSantaAssigner.java:23)
	at com.secretsanta.service.SecretSantaAssigner.assignSecretSantas(SecretSantaAssigner.java:23)
	at com.secretsanta.service.SecretSantaAssigner.assignSecretSantas(SecretSantaAssigner.java:23)
	at com.secretsanta.service.SecretSantaAssigner.assignSecretSantas(SecretSantaAssigner.java:23)
	at com.secretsanta.service.SecretSantaAssigner.assignSecretSantas(SecretSantaAssigner.java:23)
	at com.secretsanta.service.SecretSantaAssigner.assignSecretSantas(SecretSantaAssigner.java:23)
	at com.secretsanta.service.SecretSantaAssigner.assignSecretSantas(SecretSantaAssigner.java:23)
	at com.secretsanta.service.SecretSantaAssigner.assignSecretSantas(SecretSantaAssigner.java:23)
	at com.secretsanta.service.SecretSantaAssigner.assignSecretSantas(SecretSantaAssigner.java:23)
	at com.secretsanta.service.SecretSantaAssigner.assignSecretSantas(SecretSantaAssigner.java:23)
	at com.secretsanta.service.SecretSantaAssigner.assignSecretSantas(SecretSantaAssigner.java:23)
	at com.secretsanta.service.SecretSantaAssigner.assignSecretSantas(SecretSantaAssigner.java:23)
	at com.secretsanta.service.SecretSantaAssigner.assignSecretSantas(SecretSantaAssigner.java:23)
	at com.secretsanta.service.SecretSantaAssigner.assignSecretSantas(SecretSantaAssigner.java:23)
	at com.secretsanta.service.SecretSantaAssigner.assignSecretSantas(SecretSantaAssigner.java:23)
	at com.secretsanta.service.SecretSantaAssigner.assignSecretSantas(SecretSantaAssigner.java:23)
	at com.secretsanta.service.SecretSantaAssigner.assignSecretSantas(SecretSantaAssigner.java:23)
	at com.secretsanta.service.SecretSantaAssigner.assignSecretSantas(SecretSantaAssigner.java:23)
	at com.secretsanta.service.SecretSantaAssigner.assignSecretSantas(SecretSantaAssigner.java:23)
	at com.secretsanta.service.SecretSantaAssigner.assignSecretSantas(SecretSantaAssigner.java:23)
	at com.secretsanta.service.SecretSantaAssigner.assignSecretSantas(SecretSantaAssigner.java:23)
	at com.secretsanta.service.SecretSantaAssigner.assignSecretSantas(SecretSantaAssigner.java:23)
	at com.secretsanta.service.SecretSantaAssigner.assignSecretSantas(SecretSantaAssigner.java:23)
	at com.secretsanta.service.SecretSantaAssigner.assignSecretSantas(SecretSantaAssigner.java:23)
	at com.secretsanta.service.SecretSantaAssigner.assignSecretSantas(SecretSantaAssigner.java:23)
	at com.secretsanta.service.SecretSantaAssigner.assignSecretSantas(SecretSantaAssigner.java:23)
	at com.secretsanta.service.SecretSantaAssigner.assignSecretSantas(SecretSantaAssigner.java:23)
	at com.secretsanta.service.SecretSantaAssigner.assignSecretSantas(SecretSantaAssigner.java:23)
	at com.secretsanta.service.SecretSantaAssigner.assignSecretSantas(SecretSantaAssigner.java:23)
	at com.secretsanta.service.SecretSantaAssigner.assignSecretSantas(SecretSantaAssigner.java:23)
	at com.secretsanta.service.SecretSantaAssigner.assignSecretSantas(SecretSantaAssigner.java:23)
	at com.secretsanta.service.SecretSantaAssigner.assignSecretSantas(SecretSantaAssigner.java:23)
	at com.secretsanta.service.SecretSantaAssigner.assignSecretSantas(SecretSantaAssigner.java:23)
	at com.secretsanta.service.SecretSantaAssigner.assignSecretSantas(SecretSantaAssigner.java:23)
	at com.secretsanta.service.SecretSantaAssigner.assignSecretSantas(SecretSantaAssigner.java:23)
	at com.secretsanta.service.SecretSantaAssigner.assignSecretSantas(SecretSantaAssigner.java:23)
	at com.secretsanta.service.SecretSantaAssigner.assignSecretSantas(SecretSantaAssigner.java:23)
	at com.secretsanta.service.SecretSantaAssigner.assignSecretSantas(SecretSantaAssigner.java:23)
	at com.secretsanta.service.SecretSantaAssigner.assignSecretSantas(SecretSantaAssigner.java:23)
	at com.secretsanta.service.SecretSantaAssigner.assignSecretSantas(SecretSantaAssigner.java:23)
	at com.secretsanta.service.SecretSantaAssigner.assignSecretSantas(SecretSantaAssigner.java:23)
	at com.secretsanta.service.SecretSantaAssigner.assignSecretSantas(SecretSantaAssigner.java:23)
	at com.secretsanta.service.SecretSantaAssigner.assignSecretSantas(SecretSantaAssigner.java:23)
	at com.secretsanta.service.SecretSantaAssigner.assignSecretSantas(SecretSantaAssigner.java:23)
	at com.secretsanta.service.SecretSantaAssigner.assignSecretSantas(SecretSantaAssigner.java:23)
	at com.secretsanta.service.SecretSantaAssigner.assignSecretSantas(SecretSantaAssigner.java:23)
	at com.secretsanta.service.SecretSantaAssigner.assignSecretSantas(SecretSantaAssigner.java:23)
	at com.secretsanta.service.SecretSantaAssigner.assignSecretSantas(SecretSantaAssigner.java:23)
	at com.secretsanta.service.SecretSantaAssigner.assignSecretSantas(SecretSantaAssigner.java:23)
	at com.secretsanta.service.SecretSantaAssigner.assignSecretSantas(SecretSantaAssigner.java:23)
	at com.secretsanta.service.SecretSantaAssigner.assignSecretSantas(SecretSantaAssigner.java:23)
	at com.secretsanta.service.SecretSantaAssigner.assignSecretSantas(SecretSantaAssigner.java:23)
	at com.secretsanta.service.SecretSantaAssigner.assignSecretSantas(SecretSantaAssigner.java:23)
	at com.secretsanta.service.SecretSantaAssigner.assignSecretSantas(SecretSantaAssigner.java:23)
	at com.secretsanta.service.SecretSantaAssigner.assignSecretSantas(SecretSantaAssigner.java:23)
	at com.secretsanta.service.SecretSantaAssigner.assignSecretSantas(SecretSantaAssigner.java:23)
	at com.secretsanta.service.SecretSantaAssigner.assignSecretSantas(SecretSantaAssigner.java:23)
	at com.secretsanta.service.SecretSantaAssigner.assignSecretSantas(SecretSantaAssigner.java:23)
	at com.secretsanta.service.SecretSantaAssigner.assignSecretSantas(SecretSantaAssigner.java:23)
	at com.secretsanta.service.SecretSantaAssigner.assignSecretSantas(SecretSantaAssigner.java:23)
	at com.secretsanta.service.SecretSantaAssigner.assignSecretSantas(SecretSantaAssigner.java:23)
	at com.secretsanta.service.SecretSantaAssigner.assignSecretSantas(SecretSantaAssigner.java:23)
	at com.secretsanta.service.SecretSantaAssigner.assignSecretSantas(SecretSantaAssigner.java:23)
	at com.secretsanta.service.SecretSantaAssigner.assignSecretSantas(SecretSantaAssigner.java:23)
	at com.secretsanta.service.SecretSantaAssigner.assignSecretSantas(SecretSantaAssigner.java:23)
	at com.secretsanta.service.SecretSantaAssigner.assignSecretSantas(SecretSantaAssigner.java:23)
	at com.secretsanta.service.SecretSantaAssigner.assignSecretSantas(SecretSantaAssigner.java:23)
	at com.secretsanta.service.SecretSantaAssigner.assignSecretSantas(SecretSantaAssigner.java:23)
	at com.secretsanta.service.SecretSantaAssigner.assignSecretSantas(SecretSantaAssigner.java:23)
	at com.secretsanta.service.SecretSantaAssigner.assignSecretSantas(SecretSantaAssigner.java:23)
	at com.secretsanta.service.SecretSantaAssigner.assignSecretSantas(SecretSantaAssigner.java:23)
	at com.secretsanta.service.SecretSantaAssigner.assignSecretSantas(SecretSantaAssigner.java:23)
	at com.secretsanta.service.SecretSantaAssigner.assignSecretSantas(SecretSantaAssigner.java:23)
	at com.secretsanta.service.SecretSantaAssigner.assignSecretSantas(SecretSantaAssigner.java:23)
	at com.secretsanta.service.SecretSantaAssigner.assignSecretSantas(SecretSantaAssigner.java:23)
	at com.secretsanta.service.SecretSantaAssigner.assignSecretSantas(SecretSantaAssigner.java:23)
	at com.secretsanta.service.SecretSantaAssigner.assignSecretSantas(SecretSantaAssigner.java:23)
	at com.secretsanta.service.SecretSantaAssigner.assignSecretSantas(SecretSantaAssigner.java:23)
	at com.secretsanta.service.SecretSantaAssigner.assignSecretSantas(SecretSantaAssigner.java:23)
	at com.secretsanta.service.SecretSantaAssigner.assignSecretSantas(SecretSantaAssigner.java:23)
	at com.secretsanta.service.SecretSantaAssigner.assignSecretSantas(SecretSantaAssigner.java:23)
	at com.secretsanta.service.SecretSantaAssigner.assignSecretSantas(SecretSantaAssigner.java:23)
	at com.secretsanta.service.SecretSantaAssigner.assignSecretSantas(SecretSantaAssigner.java:23)
	at com.secretsanta.service.SecretSantaAssigner.assignSecretSantas(SecretSantaAssigner.java:23)
	at com.secretsanta.service.SecretSantaAssigner.assignSecretSantas(SecretSantaAssigner.java:23)
	at com.secretsanta.service.SecretSantaAssigner.assignSecretSantas(SecretSantaAssigner.java:23)
	at com.secretsanta.service.SecretSantaAssigner.assignSecretSantas(SecretSantaAssigner.java:23)
	at com.secretsanta.service.SecretSantaAssigner.assignSecretSantas(SecretSantaAssigner.java:23)
	at com.secretsanta.service.SecretSantaAssigner.assignSecretSantas(SecretSantaAssigner.java:23)
	at com.secretsanta.service.SecretSantaAssigner.assignSecretSantas(SecretSantaAssigner.java:23)
	at com.secretsanta.service.SecretSantaAssigner.assignSecretSantas(SecretSantaAssigner.java:23)
	at com.secretsanta.service.SecretSantaAssigner.assignSecretSantas(SecretSantaAssigner.java:23)
	at com.secretsanta.service.SecretSantaAssigner.assignSecretSantas(SecretSantaAssigner.java:23)
	at com.secretsanta.service.SecretSantaAssigner.assignSecretSantas(SecretSantaAssigner.java:23)
	at com.secretsanta.service.SecretSantaAssigner.assignSecretSantas(SecretSantaAssigner.java:23)
	at com.secretsanta.service.SecretSantaAssigner.assignSecretSantas(SecretSantaAssigner.java:23)
	at com.secretsanta.service.SecretSantaAssigner.assignSecretSantas(SecretSantaAssigner.java:23)
	at com.secretsanta.service.SecretSantaAssigner.assignSecretSantas(SecretSantaAssigner.java:23)
	at com.secretsanta.service.SecretSantaAssigner.assignSecretSantas(SecretSantaAssigner.java:23)
	at com.secretsanta.service.SecretSantaAssigner.assignSecretSantas(SecretSantaAssigner.java:23)
	at com.secretsanta.service.SecretSantaAssigner.assignSecretSantas(SecretSantaAssigner.java:23)
	at com.secretsanta.service.SecretSantaAssigner.assignSecretSantas(SecretSantaAssigner.java:23)
	at com.secretsanta.service.SecretSantaAssigner.assignSecretSantas(SecretSantaAssigner.java:23)
	at com.secretsanta.service.SecretSantaAssigner.assignSecretSantas(SecretSantaAssigner.java:23)
	at com.secretsanta.service.SecretSantaAssigner.assignSecretSantas(SecretSantaAssigner.java:23)
	at com.secretsanta.service.SecretSantaAssigner.assignSecretSantas(SecretSantaAssigner.java:23)
	at com.secretsanta.service.SecretSantaAssigner.assignSecretSantas(SecretSantaAssigner.java:23)
	at com.secretsanta.service.SecretSantaAssigner.assignSecretSantas(SecretSantaAssigner.java:23)
	at com.secretsanta.service.SecretSantaAssigner.assignSecretSantas(SecretSantaAssigner.java:23)
	at com.secretsanta.service.SecretSantaAssigner.assignSecretSantas(SecretSantaAssigner.java:23)
	at com.secretsanta.service.SecretSantaAssigner.assignSecretSantas(SecretSantaAssigner.java:23)
	at com.secretsanta.service.SecretSantaAssigner.assignSecretSantas(SecretSantaAssigner.java:23)
	at com.secretsanta.service.SecretSantaAssigner.assignSecretSantas(SecretSantaAssigner.java:23)
	at com.secretsanta.service.SecretSantaAssigner.assignSecretSantas(SecretSantaAssigner.java:23)
	at com.secretsanta.service.SecretSantaAssigner.assignSecretSantas(SecretSantaAssigner.java:23)
	at com.secretsanta.service.SecretSantaAssigner.assignSecretSantas(SecretSantaAssigner.java:23)
	at com.secretsanta.service.SecretSantaAssigner.assignSecretSantas(SecretSantaAssigner.java:23)
	at com.secretsanta.service.SecretSantaAssigner.assignSecretSantas(SecretSantaAssigner.java:23)
	at com.secretsanta.service.SecretSantaAssigner.assignSecretSantas(SecretSantaAssigner.java:23)
	at com.secretsanta.service.SecretSantaAssigner.assignSecretSantas(SecretSantaAssigner.java:23)
	at com.secretsanta.service.SecretSantaAssigner.assignSecretSantas(SecretSantaAssigner.java:23)
	at com.secretsanta.service.SecretSantaAssigner.assignSecretSantas(SecretSantaAssigner.java:23)
	at com.secretsanta.service.SecretSantaAssigner.assignSecretSantas(SecretSantaAssigner.java:23)
	at com.secretsanta.service.SecretSantaAssigner.assignSecretSantas(SecretSantaAssigner.java:23)
	at com.secretsanta.service.SecretSantaAssigner.assignSecretSantas(SecretSantaAssigner.java:23)
	at com.secretsanta.service.SecretSantaAssigner.assignSecretSantas(SecretSantaAssigner.java:23)
	at com.secretsanta.service.SecretSantaAssigner.assignSecretSantas(SecretSantaAssigner.java:23)
	at com.secretsanta.service.SecretSantaAssigner.assignSecretSantas(SecretSantaAssigner.java:23)
	at com.secretsanta.service.SecretSantaAssigner.assignSecretSantas(SecretSantaAssigner.java:23)
	at com.secretsanta.service.SecretSantaAssigner.assignSecretSantas(SecretSantaAssigner.java:23)
	at com.secretsanta.service.SecretSantaAssigner.assignSecretSantas(SecretSantaAssigner.java:23)
	at com.secretsanta.service.SecretSantaAssigner.assignSecretSantas(SecretSantaAssigner.java:23)
	at com.secretsanta.service.SecretSantaAssigner.assignSecretSantas(SecretSantaAssigner.java:23)
	at com.secretsanta.service.SecretSantaAssigner.assignSecretSantas(SecretSantaAssigner.java:23)
	at com.secretsanta.service.SecretSantaAssigner.assignSecretSantas(SecretSantaAssigner.java:23)
	at com.secretsanta.service.SecretSantaAssigner.assignSecretSantas(SecretSantaAssigner.java:23)
	at com.secretsanta.service.SecretSantaAssigner.assignSecretSantas(SecretSantaAssigner.java:23)
	at com.secretsanta.service.SecretSantaAssigner.assignSecretSantas(SecretSantaAssigner.java:23)
	at com.secretsanta.service.SecretSantaAssigner.assignSecretSantas(SecretSantaAssigner.java:23)
	at com.secretsanta.service.SecretSantaAssigner.assignSecretSantas(SecretSantaAssigner.java:23)
	at com.secretsanta.service.SecretSantaAssigner.assignSecretSantas(SecretSantaAssigner.java:23)
	at com.secretsanta.service.SecretSantaAssigner.assignSecretSantas(SecretSantaAssigner.java:23)
	at com.secretsanta.service.SecretSantaAssigner.assignSecretSantas(SecretSantaAssigner.java:23)
	at com.secretsanta.service.SecretSantaAssigner.assignSecretSantas(SecretSantaAssigner.java:23)
	at com.secretsanta.service.SecretSantaAssigner.assignSecretSantas(SecretSantaAssigner.java:23)
	at com.secretsanta.service.SecretSantaAssigner.assignSecretSantas(SecretSantaAssigner.java:23)
	at com.secretsanta.service.SecretSantaAssigner.assignSecretSantas(SecretSantaAssigner.java:23)
	at com.secretsanta.service.SecretSantaAssigner.assignSecretSantas(SecretSantaAssigner.java:23)
	at com.secretsanta.service.SecretSantaAssigner.assignSecretSantas(SecretSantaAssigner.java:23)
	at com.secretsanta.service.SecretSantaAssigner.assignSecretSantas(SecretSantaAssigner.java:23)
	at com.secretsanta.service.SecretSantaAssigner.assignSecretSantas(SecretSantaAssigner.java:23)
	at com.secretsanta.service.SecretSantaAssigner.assignSecretSantas(SecretSantaAssigner.java:23)
	at com.secretsanta.service.SecretSantaAssigner.assignSecretSantas(SecretSantaAssigner.java:23)
	at com.secretsanta.service.SecretSantaAssigner.assignSecretSantas(SecretSantaAssigner.java:23)
	at com.secretsanta.service.SecretSantaAssigner.assignSecretSantas(SecretSantaAssigner.java:23)
	at com.secretsanta.service.SecretSantaAssigner.assignSecretSantas(SecretSantaAssigner.java:23)
	at com.secretsanta.service.SecretSantaAssigner.assignSecretSantas(SecretSantaAssigner.java:23)
	at com.secretsanta.service.SecretSantaAssigner.assignSecretSantas(SecretSantaAssigner.java:23)
	at com.secretsanta.service.SecretSantaAssigner.assignSecretSantas(SecretSantaAssigner.java:23)
	at com.secretsanta.service.SecretSantaAssigner.assignSecretSantas(SecretSantaAssigner.java:23)
	at com.secretsanta.service.SecretSantaAssigner.assignSecretSantas(SecretSantaAssigner.java:23)
	at com.secretsanta.service.SecretSantaAssigner.assignSecretSantas(SecretSantaAssigner.java:23)
	at com.secretsanta.service.SecretSantaAssigner.assignSecretSantas(SecretSantaAssigner.java:23)
	at com.secretsanta.service.SecretSantaAssigner.assignSecretSantas(SecretSantaAssigner.java:23)
	at com.secretsanta.service.SecretSantaAssigner.assignSecretSantas(SecretSantaAssigner.java:23)
	at com.secretsanta.service.SecretSantaAssigner.assignSecretSantas(SecretSantaAssigner.java:23)
	at com.secretsanta.service.SecretSantaAssigner.assignSecretSantas(SecretSantaAssigner.java:23)
	at com.secretsanta.service.SecretSantaAssigner.assignSecretSantas(SecretSantaAssigner.java:23)
	at com.secretsanta.service.SecretSantaAssigner.assignSecretSantas(SecretSantaAssigner.java:23)
	at com.secretsanta.service.SecretSantaAssigner.assignSecretSantas(SecretSantaAssigner.java:23)
	at com.secretsanta.service.SecretSantaAssigner.assignSecretSantas(SecretSantaAssigner.java:23)
	at com.secretsanta.service.SecretSantaAssigner.assignSecretSantas(SecretSantaAssigner.java:23)
	at com.secretsanta.service.SecretSantaAssigner.assignSecretSantas(SecretSantaAssigner.java:23)
	at com.secretsanta.service.SecretSantaAssigner.assignSecretSantas(SecretSantaAssigner.java:23)
	at com.secretsanta.service.SecretSantaAssigner.assignSecretSantas(SecretSantaAssigner.java:23)
	at com.secretsanta.service.SecretSantaAssigner.assignSecretSantas(SecretSantaAssigner.java:23)
	at com.secretsanta.service.SecretSantaAssigner.assignSecretSantas(SecretSantaAssigner.java:23)
	at com.secretsanta.service.SecretSantaAssigner.assignSecretSantas(SecretSantaAssigner.java:23)
	at com.secretsanta.service.SecretSantaAssigner.assignSecretSantas(SecretSantaAssigner.java:23)
	at com.secretsanta.service.SecretSantaAssigner.assignSecretSantas(SecretSantaAssigner.java:23)
	at com.secretsanta.service.SecretSantaAssigner.assignSecretSantas(SecretSantaAssigner.java:23)
	at com.secretsanta.service.SecretSantaAssigner.assignSecretSantas(SecretSantaAssigner.java:23)
	at com.secretsanta.service.SecretSantaAssigner.assignSecretSantas(SecretSantaAssigner.java:23)
	at com.secretsanta.service.SecretSantaAssigner.assignSecretSantas(SecretSantaAssigner.java:23)
	at com.secretsanta.service.SecretSantaAssigner.assignSecretSantas(SecretSantaAssigner.java:23)
	at com.secretsanta.service.SecretSantaAssigner.assignSecretSantas(SecretSantaAssigner.java:23)
	at com.secretsanta.service.SecretSantaAssigner.assignSecretSantas(SecretSantaAssigner.java:23)
	at com.secretsanta.service.SecretSantaAssigner.assignSecretSantas(SecretSantaAssigner.java:23)
	at com.secretsanta.service.SecretSantaAssigner.assignSecretSantas(SecretSantaAssigner.java:23)
	at com.secretsanta.service.SecretSantaAssigner.assignSecretSantas(SecretSantaAssigner.java:23)
	at com.secretsanta.service.SecretSantaAssigner.assignSecretSantas(SecretSantaAssigner.java:23)
	at com.secretsanta.service.SecretSantaAssigner.assignSecretSantas(SecretSantaAssigner.java:23)
	at com.secretsanta.service.SecretSantaAssigner.assignSecretSantas(SecretSantaAssigner.java:23)
	at com.secretsanta.service.SecretSantaAssigner.assignSecretSantas(SecretSantaAssigner.java:23)
	at com.secretsanta.service.SecretSantaAssigner.assignSecretSantas(SecretSantaAssigner.java:23)
	at com.secretsanta.service.SecretSantaAssigner.assignSecretSantas(SecretSantaAssigner.java:23)
	at com.secretsanta.service.SecretSantaAssigner.assignSecretSantas(SecretSantaAssigner.java:23)
	at com.secretsanta.service.SecretSantaAssigner.assignSecretSantas(SecretSantaAssigner.java:23)
	at com.secretsanta.service.SecretSantaAssigner.assignSecretSantas(SecretSantaAssigner.java:23)
	at com.secretsanta.service.SecretSantaAssigner.assignSecretSantas(SecretSantaAssigner.java:23)
	at com.secretsanta.service.SecretSantaAssigner.assignSecretSantas(SecretSantaAssigner.java:23)
	at com.secretsanta.service.SecretSantaAssigner.assignSecretSantas(SecretSantaAssigner.java:23)
	at com.secretsanta.service.SecretSantaAssigner.assignSecretSantas(SecretSantaAssigner.java:23)
	at com.secretsanta.service.SecretSantaAssigner.assignSecretSantas(SecretSantaAssigner.java:23)
	at com.secretsanta.service.SecretSantaAssigner.assignSecretSantas(SecretSantaAssigner.java:23)
	at com.secretsanta.service.SecretSantaAssigner.assignSecretSantas(SecretSantaAssigner.java:23)
	at com.secretsanta.service.SecretSantaAssigner.assignSecretSantas(SecretSantaAssigner.java:23)
	at com.secretsanta.service.SecretSantaAssigner.assignSecretSantas(SecretSantaAssigner.java:23)
	at com.secretsanta.service.SecretSantaAssigner.assignSecretSantas(SecretSantaAssigner.java:23)
	at com.secretsanta.service.SecretSantaAssigner.assignSecretSantas(SecretSantaAssigner.java:23)
	at com.secretsanta.service.SecretSantaAssigner.assignSecretSantas(SecretSantaAssigner.java:23)
	at com.secretsanta.service.SecretSantaAssigner.assignSecretSantas(SecretSantaAssigner.java:23)
	at com.secretsanta.service.SecretSantaAssigner.assignSecretSantas(SecretSantaAssigner.java:23)
	at com.secretsanta.service.SecretSantaAssigner.assignSecretSantas(SecretSantaAssigner.java:23)
	at com.secretsanta.service.SecretSantaAssigner.assignSecretSantas(SecretSantaAssigner.java:23)
	at com.secretsanta.service.SecretSantaAssigner.assignSecretSantas(SecretSantaAssigner.java:23)
	at com.secretsanta.service.SecretSantaAssigner.assignSecretSantas(SecretSantaAssigner.java:23)
	at com.secretsanta.service.SecretSantaAssigner.assignSecretSantas(SecretSantaAssigner.java:23)
	at com.secretsanta.service.SecretSantaAssigner.assignSecretSantas(SecretSantaAssigner.java:23)
	at com.secretsanta.service.SecretSantaAssigner.assignSecretSantas(SecretSantaAssigner.java:23)
	at com.secretsanta.service.SecretSantaAssigner.assignSecretSantas(SecretSantaAssigner.java:23)
	at com.secretsanta.service.SecretSantaAssigner.assignSecretSantas(SecretSantaAssigner.java:23)
	at com.secretsanta.service.SecretSantaAssigner.assignSecretSantas(SecretSantaAssigner.java:23)
	at com.secretsanta.service.SecretSantaAssigner.assignSecretSantas(SecretSantaAssigner.java:23)
	at com.secretsanta.service.SecretSantaAssigner.assignSecretSantas(SecretSantaAssigner.java:23)
	at com.secretsanta.service.SecretSantaAssigner.assignSecretSantas(SecretSantaAssigner.java:23)
	at com.secretsanta.service.SecretSantaAssigner.assignSecretSantas(SecretSantaAssigner.java:23)
	at com.secretsanta.service.SecretSantaAssigner.assignSecretSantas(SecretSantaAssigner.java:23)
	at com.secretsanta.service.SecretSantaAssigner.assignSecretSantas(SecretSantaAssigner.java:23)
	at com.secretsanta.service.SecretSantaAssigner.assignSecretSantas(SecretSantaAssigner.java:23)
	at com.secretsanta.service.SecretSantaAssigner.assignSecretSantas(SecretSantaAssigner.java:23)
	at com.secretsanta.service.SecretSantaAssigner.assignSecretSantas(SecretSantaAssigner.java:23)
	at com.secretsanta.service.SecretSantaAssigner.assignSecretSantas(SecretSantaAssigner.java:23)
	at com.secretsanta.service.SecretSantaAssigner.assignSecretSantas(SecretSantaAssigner.java:23)
	at com.secretsanta.service.SecretSantaAssigner.assignSecretSantas(SecretSantaAssigner.java:23)
	at com.secretsanta.service.SecretSantaAssigner.assignSecretSantas(SecretSantaAssigner.java:23)
	at com.secretsanta.service.SecretSantaAssigner.assignSecretSantas(SecretSantaAssigner.java:23)
	at com.secretsanta.service.SecretSantaAssigner.assignSecretSantas(SecretSantaAssigner.java:23)
	at com.secretsanta.service.SecretSantaAssigner.assignSecretSantas(SecretSantaAssigner.java:23)
	at com.secretsanta.service.SecretSantaAssigner.assignSecretSantas(SecretSantaAssigner.java:23)
	at com.secretsanta.service.SecretSantaAssigner.assignSecretSantas(SecretSantaAssigner.java:23)
	at com.secretsanta.service.SecretSantaAssigner.assignSecretSantas(SecretSantaAssigner.java:23)
	at com.secretsanta.service.SecretSantaAssigner.assignSecretSantas(SecretSantaAssigner.java:23)
	at com.secretsanta.service.SecretSantaAssigner.assignSecretSantas(SecretSantaAssigner.java:23)
	at com.secretsanta.service.SecretSantaAssigner.assignSecretSantas(SecretSantaAssigner.java:23)
	at com.secretsanta.service.SecretSantaAssigner.assignSecretSantas(SecretSantaAssigner.java:23)
	at com.secretsanta.service.SecretSantaAssigner.assignSecretSantas(SecretSantaAssigner.java:23)
	at com.secretsanta.service.SecretSantaAssigner.assignSecretSantas(SecretSantaAssigner.java:23)
	at com.secretsanta.service.SecretSantaAssigner.assignSecretSantas(SecretSantaAssigner.java:23)
	at com.secretsanta.service.SecretSantaAssigner.assignSecretSantas(SecretSantaAssigner.java:23)
	at com.secretsanta.service.SecretSantaAssigner.assignSecretSantas(SecretSantaAssigner.java:23)
	at com.secretsanta.service.SecretSantaAssigner.assignSecretSantas(SecretSantaAssigner.java:23)
	at com.secretsanta.service.SecretSantaAssigner.assignSecretSantas(SecretSantaAssigner.java:23)
	at com.secretsanta.service.SecretSantaAssigner.assignSecretSantas(SecretSantaAssigner.java:23)
	at com.secretsanta.service.SecretSantaAssigner.assignSecretSantas(SecretSantaAssigner.java:23)
	at com.secretsanta.service.SecretSantaAssigner.assignSecretSantas(SecretSantaAssigner.java:23)
	at com.secretsanta.service.SecretSantaAssigner.assignSecretSantas(SecretSantaAssigner.java:23)
	at com.secretsanta.service.SecretSantaAssigner.assignSecretSantas(SecretSantaAssigner.java:23)
	at com.secretsanta.service.SecretSantaAssigner.assignSecretSantas(SecretSantaAssigner.java:23)
	at com.secretsanta.service.SecretSantaAssigner.assignSecretSantas(SecretSantaAssigner.java:23)
	at com.secretsanta.service.SecretSantaAssigner.assignSecretSantas(SecretSantaAssigner.java:23)
	at com.secretsanta.service.SecretSantaAssigner.assignSecretSantas(SecretSantaAssigner.java:23)
	at com.secretsanta.service.SecretSantaAssigner.assignSecretSantas(SecretSantaAssigner.java:23)
	at com.secretsanta.service.SecretSantaAssigner.assignSecretSantas(SecretSantaAssigner.java:23)
	at com.secretsanta.service.SecretSantaAssigner.assignSecretSantas(SecretSantaAssigner.java:23)
	at com.secretsanta.service.SecretSantaAssigner.assignSecretSantas(SecretSantaAssigner.java:23)
	at com.secretsanta.service.SecretSantaAssigner.assignSecretSantas(SecretSantaAssigner.java:23)
	at com.secretsanta.service.SecretSantaAssigner.assignSecretSantas(SecretSantaAssigner.java:23)
	at com.secretsanta.service.SecretSantaAssigner.assignSecretSantas(SecretSantaAssigner.java:23)
	at com.secretsanta.service.SecretSantaAssigner.assignSecretSantas(SecretSantaAssigner.java:23)
	at com.secretsanta.service.SecretSantaAssigner.assignSecretSantas(SecretSantaAssigner.java:23)
	at com.secretsanta.service.SecretSantaAssigner.assignSecretSantas(SecretSantaAssigner.java:23)
	at com.secretsanta.service.SecretSantaAssigner.assignSecretSantas(SecretSantaAssigner.java:23)
	at com.secretsanta.service.SecretSantaAssigner.assignSecretSantas(SecretSantaAssigner.java:23)
	at com.secretsanta.service.SecretSantaAssigner.assignSecretSantas(SecretSantaAssigner.java:23)
	at com.secretsanta.service.SecretSantaAssigner.assignSecretSantas(SecretSantaAssigner.java:23)
	at com.secretsanta.service.SecretSantaAssigner.assignSecretSantas(SecretSantaAssigner.java:23)
	at com.secretsanta.service.SecretSantaAssigner.assignSecretSantas(SecretSantaAssigner.java:23)
	at com.secretsanta.service.SecretSantaAssigner.assignSecretSantas(SecretSantaAssigner.java:23)
	at com.secretsanta.service.SecretSantaAssigner.assignSecretSantas(SecretSantaAssigner.java:23)
	at com.secretsanta.service.SecretSantaAssigner.assignSecretSantas(SecretSantaAssigner.java:23)
	at com.secretsanta.service.SecretSantaAssigner.assignSecretSantas(SecretSantaAssigner.java:23)
	at com.secretsanta.service.SecretSantaAssigner.assignSecretSantas(SecretSantaAssigner.java:23)
	at com.secretsanta.service.SecretSantaAssigner.assignSecretSantas(SecretSantaAssigner.java:23)
	at com.secretsanta.service.SecretSantaAssigner.assignSecretSantas(SecretSantaAssigner.java:23)
	at com.secretsanta.service.SecretSantaAssigner.assignSecretSantas(SecretSantaAssigner.java:23)
	at com.secretsanta.service.SecretSantaAssigner.assignSecretSantas(SecretSantaAssigner.java:23)
	at com.secretsanta.service.SecretSantaAssigner.assignSecretSantas(SecretSantaAssigner.java:23)
	at com.secretsanta.service.SecretSantaAssigner.assignSecretSantas(SecretSantaAssigner.java:23)
	at com.secretsanta.service.SecretSantaAssigner.assignSecretSantas(SecretSantaAssigner.java:23)
	at com.secretsanta.service.SecretSantaAssigner.assignSecretSantas(SecretSantaAssigner.java:23)
	at com.secretsanta.service.SecretSantaAssigner.assignSecretSantas(SecretSantaAssigner.java:23)
	at com.secretsanta.service.SecretSantaAssigner.assignSecretSantas(SecretSantaAssigner.java:23)
	at com.secretsanta.service.SecretSantaAssigner.assignSecretSantas(SecretSantaAssigner.java:23)
	at com.secretsanta.service.SecretSantaAssigner.assignSecretSantas(SecretSantaAssigner.java:23)
	at com.secretsanta.service.SecretSantaAssigner.assignSecretSantas(SecretSantaAssigner.java:23)
	at com.secretsanta.service.SecretSantaAssigner.assignSecretSantas(SecretSantaAssigner.java:23)
	at com.secretsanta.service.SecretSantaAssigner.assignSecretSantas(SecretSantaAssigner.java:23)
	at com.secretsanta.service.SecretSantaAssigner.assignSecretSantas(SecretSantaAssigner.java:23)
	at com.secretsanta.service.SecretSantaAssigner.assignSecretSantas(SecretSantaAssigner.java:23)
	at com.secretsanta.service.SecretSantaAssigner.assignSecretSantas(SecretSantaAssigner.java:23)
	at com.secretsanta.service.SecretSantaAssigner.assignSecretSantas(SecretSantaAssigner.java:23)
	at com.secretsanta.service.SecretSantaAssigner.assignSecretSantas(SecretSantaAssigner.java:23)
	at com.secretsanta.service.SecretSantaAssigner.assignSecretSantas(SecretSantaAssigner.java:23)
	at com.secretsanta.service.SecretSantaAssigner.assignSecretSantas(SecretSantaAssigner.java:23)
	at com.secretsanta.service.SecretSantaAssigner.assignSecretSantas(SecretSantaAssigner.java:23)
	at com.secretsanta.service.SecretSantaAssigner.assignSecretSantas(SecretSantaAssigner.java:23)
	at com.secretsanta.service.SecretSantaAssigner.assignSecretSantas(SecretSantaAssigner.java:23)
	at com.secretsanta.service.SecretSantaAssigner.assignSecretSantas(SecretSantaAssigner.java:23)
	at com.secretsanta.service.SecretSantaAssigner.assignSecretSantas(SecretSantaAssigner.java:23)
	at com.secretsanta.service.SecretSantaAssigner.assignSecretSantas(SecretSantaAssigner.java:23)
	at com.secretsanta.service.SecretSantaAssigner.assignSecretSantas(SecretSantaAssigner.java:23)
	at com.secretsanta.service.SecretSantaAssigner.assignSecretSantas(SecretSantaAssigner.java:23)
	at com.secretsanta.service.SecretSantaAssigner.assignSecretSantas(SecretSantaAssigner.java:23)
	at com.secretsanta.service.SecretSantaAssigner.assignSecretSantas(SecretSantaAssigner.java:23)
	at com.secretsanta.service.SecretSantaAssigner.assignSecretSantas(SecretSantaAssigner.java:23)
	at com.secretsanta.service.SecretSantaAssigner.assignSecretSantas(SecretSantaAssigner.java:23)
	at com.secretsanta.service.SecretSantaAssigner.assignSecretSantas(SecretSantaAssigner.java:23)
	at com.secretsanta.service.SecretSantaAssigner.assignSecretSantas(SecretSantaAssigner.java:23)
	at com.secretsanta.service.SecretSantaAssigner.assignSecretSantas(SecretSantaAssigner.java:23)
	at com.secretsanta.service.SecretSantaAssigner.assignSecretSantas(SecretSantaAssigner.java:23)
	at com.secretsanta.service.SecretSantaAssigner.assignSecretSantas(SecretSantaAssigner.java:23)
	at com.secretsanta.service.SecretSantaAssigner.assignSecretSantas(SecretSantaAssigner.java:23)
	at com.secretsanta.service.SecretSantaAssigner.assignSecretSantas(SecretSantaAssigner.java:23)
	at com.secretsanta.service.SecretSantaAssigner.assignSecretSantas(SecretSantaAssigner.java:23)
	at com.secretsanta.service.SecretSantaAssigner.assignSecretSantas(SecretSantaAssigner.java:23)
	at com.secretsanta.service.SecretSantaAssigner.assignSecretSantas(SecretSantaAssigner.java:23)
	at com.secretsanta.service.SecretSantaAssigner.assignSecretSantas(SecretSantaAssigner.java:23)
	at com.secretsanta.service.SecretSantaAssigner.assignSecretSantas(SecretSantaAssigner.java:23)
	at com.secretsanta.service.SecretSantaAssigner.assignSecretSantas(SecretSantaAssigner.java:23)
	at com.secretsanta.service.SecretSantaAssigner.assignSecretSantas(SecretSantaAssigner.java:23)
	at com.secretsanta.service.SecretSantaAssigner.assignSecretSantas(SecretSantaAssigner.java:23)
	at com.secretsanta.service.SecretSantaAssigner.assignSecretSantas(SecretSantaAssigner.java:23)
	at com.secretsanta.service.SecretSantaAssigner.assignSecretSantas(SecretSantaAssigner.java:23)
	at com.secretsanta.service.SecretSantaAssigner.assignSecretSantas(SecretSantaAssigner.java:23)
	at com.secretsanta.service.SecretSantaAssigner.assignSecretSantas(SecretSantaAssigner.java:23)
	at com.secretsanta.service.SecretSantaAssigner.assignSecretSantas(SecretSantaAssigner.java:23)
	at com.secretsanta.service.SecretSantaAssigner.assignSecretSantas(SecretSantaAssigner.java:23)
	at com.secretsanta.service.SecretSantaAssigner.assignSecretSantas(SecretSantaAssigner.java:23)
	at com.secretsanta.service.SecretSantaAssigner.assignSecretSantas(SecretSantaAssigner.java:23)
	at com.secretsanta.service.SecretSantaAssigner.assignSecretSantas(SecretSantaAssigner.java:23)
	at com.secretsanta.service.SecretSantaAssigner.assignSecretSantas(SecretSantaAssigner.java:23)
	at com.secretsanta.service.SecretSantaAssigner.assignSecretSantas(SecretSantaAssigner.java:23)
	at com.secretsanta.service.SecretSantaAssigner.assignSecretSantas(SecretSantaAssigner.java:23)
	at com.secretsanta.service.SecretSantaAssigner.assignSecretSantas(SecretSantaAssigner.java:23)
	at com.secretsanta.service.SecretSantaAssigner.assignSecretSantas(SecretSantaAssigner.java:23)
	at com.secretsanta.service.SecretSantaAssigner.assignSecretSantas(SecretSantaAssigner.java:23)
	at com.secretsanta.service.SecretSantaAssigner.assignSecretSantas(SecretSantaAssigner.java:23)
	at com.secretsanta.service.SecretSantaAssigner.assignSecretSantas(SecretSantaAssigner.java:23)
	at com.secretsanta.service.SecretSantaAssigner.assignSecretSantas(SecretSantaAssigner.java:23)
	at com.secretsanta.service.SecretSantaAssigner.assignSecretSantas(SecretSantaAssigner.java:23)
	at com.secretsanta.service.SecretSantaAssigner.assignSecretSantas(SecretSantaAssigner.java:23)
	at com.secretsanta.service.SecretSantaAssigner.assignSecretSantas(SecretSantaAssigner.java:23)
	at com.secretsanta.service.SecretSantaAssigner.assignSecretSantas(SecretSantaAssigner.java:23)
	at com.secretsanta.service.SecretSantaAssigner.assignSecretSantas(SecretSantaAssigner.java:23)
	at com.secretsanta.service.SecretSantaAssigner.assignSecretSantas(SecretSantaAssigner.java:23)
	at com.secretsanta.service.SecretSantaAssigner.assignSecretSantas(SecretSantaAssigner.java:23)
	at com.secretsanta.service.SecretSantaAssigner.assignSecretSantas(SecretSantaAssigner.java:23)
	at com.secretsanta.service.SecretSantaAssigner.assignSecretSantas(SecretSantaAssigner.java:23)
	at com.secretsanta.service.SecretSantaAssigner.assignSecretSantas(SecretSantaAssigner.java:23)
	at com.secretsanta.service.SecretSantaAssigner.assignSecretSantas(SecretSantaAssigner.java:23)
	at com.secretsanta.service.SecretSantaAssigner.assignSecretSantas(SecretSantaAssigner.java:23)
	at com.secretsanta.service.SecretSantaAssigner.assignSecretSantas(SecretSantaAssigner.java:23)
	at com.secretsanta.service.SecretSantaAssigner.assignSecretSantas(SecretSantaAssigner.java:23)
	at com.secretsanta.service.SecretSantaAssigner.assignSecretSantas(SecretSantaAssigner.java:23)
	at com.secretsanta.service.SecretSantaAssigner.assignSecretSantas(SecretSantaAssigner.java:23)
	at com.secretsanta.service.SecretSantaAssigner.assignSecretSantas(SecretSantaAssigner.java:23)
	at com.secretsanta.service.SecretSantaAssigner.assignSecretSantas(SecretSantaAssigner.java:23)
	at com.secretsanta.service.SecretSantaAssigner.assignSecretSantas(SecretSantaAssigner.java:23)
	at com.secretsanta.service.SecretSantaAssigner.assignSecretSantas(SecretSantaAssigner.java:23)
	at com.secretsanta.service.SecretSantaAssigner.assignSecretSantas(SecretSantaAssigner.java:23)
	at com.secretsanta.service.SecretSantaAssigner.assignSecretSantas(SecretSantaAssigner.java:23)
	at com.secretsanta.service.SecretSantaAssigner.assignSecretSantas(SecretSantaAssigner.java:23)
	at com.secretsanta.service.SecretSantaAssigner.assignSecretSantas(SecretSantaAssigner.java:23)
	at com.secretsanta.service.SecretSantaAssigner.assignSecretSantas(SecretSantaAssigner.java:23)
	at com.secretsanta.service.SecretSantaAssigner.assignSecretSantas(SecretSantaAssigner.java:23)
	at com.secretsanta.service.SecretSantaAssigner.assignSecretSantas(SecretSantaAssigner.java:23)
	at com.secretsanta.service.SecretSantaAssigner.assignSecretSantas(SecretSantaAssigner.java:23)
	at com.secretsanta.service.SecretSantaAssigner.assignSecretSantas(SecretSantaAssigner.java:23)
	at com.secretsanta.service.SecretSantaAssigner.assignSecretSantas(SecretSantaAssigner.java:23)
	at com.secretsanta.service.SecretSantaAssigner.assignSecretSantas(SecretSantaAssigner.java:23)
	at com.secretsanta.service.SecretSantaAssigner.assignSecretSantas(SecretSantaAssigner.java:23)
	at com.secretsanta.service.SecretSantaAssigner.assignSecretSantas(SecretSantaAssigner.java:23)
	at com.secretsanta.service.SecretSantaAssigner.assignSecretSantas(SecretSantaAssigner.java:23)
	at com.secretsanta.service.SecretSantaAssigner.assignSecretSantas(SecretSantaAssigner.java:23)
	at com.secretsanta.service.SecretSantaAssigner.assignSecretSantas(SecretSantaAssigner.java:23)
	at com.secretsanta.service.SecretSantaAssigner.assignSecretSantas(SecretSantaAssigner.java:23)
	at com.secretsanta.service.SecretSantaAssigner.assignSecretSantas(SecretSantaAssigner.java:23)
	at com.secretsanta.service.SecretSantaAssigner.assignSecretSantas(SecretSantaAssigner.java:23)
	at com.secretsanta.service.SecretSantaAssigner.assignSecretSantas(SecretSantaAssigner.java:23)
	at com.secretsanta.service.SecretSantaAssigner.assignSecretSantas(SecretSantaAssigner.java:23)
	at com.secretsanta.service.SecretSantaAssigner.assignSecretSantas(SecretSantaAssigner.java:23)
	at com.secretsanta.service.SecretSantaAssigner.assignSecretSantas(SecretSantaAssigner.java:23)
	at com.secretsanta.service.SecretSantaAssigner.assignSecretSantas(SecretSantaAssigner.java:23)
	at com.secretsanta.service.SecretSantaAssigner.assignSecretSantas(SecretSantaAssigner.java:23)
	at com.secretsanta.service.SecretSantaAssigner.assignSecretSantas(SecretSantaAssigner.java:23)
	at com.secretsanta.service.SecretSantaAssigner.assignSecretSantas(SecretSantaAssigner.java:23)
	at com.secretsanta.service.SecretSantaAssigner.assignSecretSantas(SecretSantaAssigner.java:23)
	at com.secretsanta.service.SecretSantaAssigner.assignSecretSantas(SecretSantaAssigner.java:23)
	at com.secretsanta.service.SecretSantaAssigner.assignSecretSantas(SecretSantaAssigner.java:23)
	at com.secretsanta.service.SecretSantaAssigner.assignSecretSantas(SecretSantaAssigner.java:23)
	at com.secretsanta.service.SecretSantaAssigner.assignSecretSantas(SecretSantaAssigner.java:23)
	at com.secretsanta.service.SecretSantaAssigner.assignSecretSantas(SecretSantaAssigner.java:23)
	at com.secretsanta.service.SecretSantaAssigner.assignSecretSantas(SecretSantaAssigner.java:23)
	at com.secretsanta.service.SecretSantaAssigner.assignSecretSantas(SecretSantaAssigner.java:23)
	at com.secretsanta.service.SecretSantaAssigner.assignSecretSantas(SecretSantaAssigner.java:23)
	at com.secretsanta.service.SecretSantaAssigner.assignSecretSantas(SecretSantaAssigner.java:23)
	at com.secretsanta.service.SecretSantaAssigner.assignSecretSantas(SecretSantaAssigner.java:23)
	at com.secretsanta.service.SecretSantaAssigner.assignSecretSantas(SecretSantaAssigner.java:23)
	at com.secretsanta.service.SecretSantaAssigner.assignSecretSantas(SecretSantaAssigner.java:23)
	at com.secretsanta.service.SecretSantaAssigner.assignSecretSantas(SecretSantaAssigner.java:23)
	at com.secretsanta.service.SecretSantaAssigner.assignSecretSantas(SecretSantaAssigner.java:23)
	at com.secretsanta.service.SecretSantaAssigner.assignSecretSantas(SecretSantaAssigner.java:23)
	at com.secretsanta.service.SecretSantaAssigner.assignSecretSantas(SecretSantaAssigner.java:23)
	at com.secretsanta.service.SecretSantaAssigner.assignSecretSantas(SecretSantaAssigner.java:23)
	at com.secretsanta.service.SecretSantaAssigner.assignSecretSantas(SecretSantaAssigner.java:23)
	at com.secretsanta.service.SecretSantaAssigner.assignSecretSantas(SecretSantaAssigner.java:23)
	at com.secretsanta.service.SecretSantaAssigner.assignSecretSantas(SecretSantaAssigner.java:23)
	at com.secretsanta.service.SecretSantaAssigner.assignSecretSantas(SecretSantaAssigner.java:23)
	at com.secretsanta.service.SecretSantaAssigner.assignSecretSantas(SecretSantaAssigner.java:23)
	at com.secretsanta.service.SecretSantaAssigner.assignSecretSantas(SecretSantaAssigner.java:23)
	at com.secretsanta.service.SecretSantaAssigner.assignSecretSantas(SecretSantaAssigner.java:23)
	at com.secretsanta.service.SecretSantaAssigner.assignSecretSantas(SecretSantaAssigner.java:23)
	at com.secretsanta.service.SecretSantaAssigner.assignSecretSantas(SecretSantaAssigner.java:23)
	at com.secretsanta.service.SecretSantaAssigner.assignSecretSantas(SecretSantaAssigner.java:23)
	at com.secretsanta.service.SecretSantaAssigner.assignSecretSantas(SecretSantaAssigner.java:23)
	at com.secretsanta.service.SecretSantaAssigner.assignSecretSantas(SecretSantaAssigner.java:23)
	at com.secretsanta.service.SecretSantaAssigner.assignSecretSantas(SecretSantaAssigner.java:23)
	at com.secretsanta.service.SecretSantaAssigner.assignSecretSantas(SecretSantaAssigner.java:23)
	at com.secretsanta.service.SecretSantaAssigner.assignSecretSantas(SecretSantaAssigner.java:23)
	at com.secretsanta.service.SecretSantaAssigner.assignSecretSantas(SecretSantaAssigner.java:23)
	at com.secretsanta.service.SecretSantaAssigner.assignSecretSantas(SecretSantaAssigner.java:23)
	at com.secretsanta.service.SecretSantaAssigner.assignSecretSantas(SecretSantaAssigner.java:23)
	at com.secretsanta.service.SecretSantaAssigner.assignSecretSantas(SecretSantaAssigner.java:23)
	at com.secretsanta.service.SecretSantaAssigner.assignSecretSantas(SecretSantaAssigner.java:23)
	at com.secretsanta.service.SecretSantaAssigner.assignSecretSantas(SecretSantaAssigner.java:23)
	at com.secretsanta.service.SecretSantaAssigner.assignSecretSantas(SecretSantaAssigner.java:23)
	at com.secretsanta.service.SecretSantaAssigner.assignSecretSantas(SecretSantaAssigner.java:23)
	at com.secretsanta.service.SecretSantaAssigner.assignSecretSantas(SecretSantaAssigner.java:23)
	at com.secretsanta.service.SecretSantaAssigner.assignSecretSantas(SecretSantaAssigner.java:23)
	at com.secretsanta.service.SecretSantaAssigner.assignSecretSantas(SecretSantaAssigner.java:23)
	at com.secretsanta.service.SecretSantaAssigner.assignSecretSantas(SecretSantaAssigner.java:23)
	at com.secretsanta.service.SecretSantaAssigner.assignSecretSantas(SecretSantaAssigner.java:23)
	at com.secretsanta.service.SecretSantaAssigner.assignSecretSantas(SecretSantaAssigner.java:23)
	at com.secretsanta.service.SecretSantaAssigner.assignSecretSantas(SecretSantaAssigner.java:23)
	at com.secretsanta.service.SecretSantaAssigner.assignSecretSantas(SecretSantaAssigner.java:23)
	at com.secretsanta.service.SecretSantaAssigner.assignSecretSantas(SecretSantaAssigner.java:23)
	at com.secretsanta.service.SecretSantaAssigner.assignSecretSantas(SecretSantaAssigner.java:23)
	at com.secretsanta.service.SecretSantaAssigner.assignSecretSantas(SecretSantaAssigner.java:23)
	at com.secretsanta.service.SecretSantaAssigner.assignSecretSantas(SecretSantaAssigner.java:23)
	at com.secretsanta.service.SecretSantaAssigner.assignSecretSantas(SecretSantaAssigner.java:23)
	at com.secretsanta.service.SecretSantaAssigner.assignSecretSantas(SecretSantaAssigner.java:23)
	at com.secretsanta.service.SecretSantaAssigner.assignSecretSantas(SecretSantaAssigner.java:23)
	at com.secretsanta.service.SecretSantaAssigner.assignSecretSantas(SecretSantaAssigner.java:23)
	at com.secretsanta.service.SecretSantaAssigner.assignSecretSantas(SecretSantaAssigner.java:23)
	at com.secretsanta.service.SecretSantaAssigner.assignSecretSantas(SecretSantaAssigner.java:23)
	at com.secretsanta.service.SecretSantaAssigner.assignSecretSantas(SecretSantaAssigner.java:23)
	at com.secretsanta.service.SecretSantaAssigner.assignSecretSantas(SecretSantaAssigner.java:23)
	at com.secretsanta.service.SecretSantaAssigner.assignSecretSantas(SecretSantaAssigner.java:23)
	at com.secretsanta.service.SecretSantaAssigner.assignSecretSantas(SecretSantaAssigner.java:23)
	at com.secretsanta.service.SecretSantaAssigner.assignSecretSantas(SecretSantaAssigner.java:23)
	at com.secretsanta.service.SecretSantaAssigner.assignSecretSantas(SecretSantaAssigner.java:23)
	at com.secretsanta.service.SecretSantaAssigner.assignSecretSantas(SecretSantaAssigner.java:23)
	at com.secretsanta.service.SecretSantaAssigner.assignSecretSantas(SecretSantaAssigner.java:23)
	at com.secretsanta.service.SecretSantaAssigner.assignSecretSantas(SecretSantaAssigner.java:23)
	at com.secretsanta.service.SecretSantaAssigner.assignSecretSantas(SecretSantaAssigner.java:23)
	at com.secretsanta.service.SecretSantaAssigner.assignSecretSantas(SecretSantaAssigner.java:23)
	at com.secretsanta.service.SecretSantaAssigner.assignSecretSantas(SecretSantaAssigner.java:23)
	at com.secretsanta.service.SecretSantaAssigner.assignSecretSantas(SecretSantaAssigner.java:23)
	at com.secretsanta.service.SecretSantaAssigner.assignSecretSantas(SecretSantaAssigner.java:23)
	at com.secretsanta.service.SecretSantaAssigner.assignSecretSantas(SecretSantaAssigner.java:23)
	at com.secretsanta.service.SecretSantaAssigner.assignSecretSantas(SecretSantaAssigner.java:23)
	at com.secretsanta.service.SecretSantaAssigner.assignSecretSantas(SecretSantaAssigner.java:23)
	at com.secretsanta.service.SecretSantaAssigner.assignSecretSantas(SecretSantaAssigner.java:23)
	at com.secretsanta.service.SecretSantaAssigner.assignSecretSantas(SecretSantaAssigner.java:23)
	at com.secretsanta.service.SecretSantaAssigner.assignSecretSantas(SecretSantaAssigner.java:23)
	at com.secretsanta.service.SecretSantaAssigner.assignSecretSantas(SecretSantaAssigner.java:23)
	at com.secretsanta.service.SecretSantaAssigner.assignSecretSantas(SecretSantaAssigner.java:23)
	at com.secretsanta.service.SecretSantaAssigner.assignSecretSantas(SecretSantaAssigner.java:23)
	at com.secretsanta.service.SecretSantaAssigner.assignSecretSantas(SecretSantaAssigner.java:23)
	at com.secretsanta.service.SecretSantaAssigner.assignSecretSantas(SecretSantaAssigner.java:23)
	at com.secretsanta.service.SecretSantaAssigner.assignSecretSantas(SecretSantaAssigner.java:23)
	at com.secretsanta.service.SecretSantaAssigner.assignSecretSantas(SecretSantaAssigner.java:23)
	at com.secretsanta.service.SecretSantaAssigner.assignSecretSantas(SecretSantaAssigner.java:23)
	at com.secretsanta.service.SecretSantaAssigner.assignSecretSantas(SecretSantaAssigner.java:23)
	at com.secretsanta.service.SecretSantaAssigner.assignSecretSantas(SecretSantaAssigner.java:23)
	at com.secretsanta.service.SecretSantaAssigner.assignSecretSantas(SecretSantaAssigner.java:23)
	at com.secretsanta.service.SecretSantaAssigner.assignSecretSantas(SecretSantaAssigner.java:23)
	at com.secretsanta.service.SecretSantaAssigner.assignSecretSantas(SecretSantaAssigner.java:23)
	at com.secretsanta.service.SecretSantaAssigner.assignSecretSantas(SecretSantaAssigner.java:23)
	at com.secretsanta.service.SecretSantaAssigner.assignSecretSantas(SecretSantaAssigner.java:23)
	at com.secretsanta.service.SecretSantaAssigner.assignSecretSantas(SecretSantaAssigner.java:23)
	at com.secretsanta.service.SecretSantaAssigner.assignSecretSantas(SecretSantaAssigner.java:23)
	at com.secretsanta.service.SecretSantaAssigner.assignSecretSantas(SecretSantaAssigner.java:23)
	at com.secretsanta.service.SecretSantaAssigner.assignSecretSantas(SecretSantaAssigner.java:23)
	at com.secretsanta.service.SecretSantaAssigner.assignSecretSantas(SecretSantaAssigner.java:23)
	at com.secretsanta.service.SecretSantaAssigner.assignSecretSantas(SecretSantaAssigner.java:23)
	at com.secretsanta.service.SecretSantaAssigner.assignSecretSantas(SecretSantaAssigner.java:23)
	at com.secretsanta.service.SecretSantaAssigner.assignSecretSantas(SecretSantaAssigner.java:23)
	at com.secretsanta.service.SecretSantaAssigner.assignSecretSantas(SecretSantaAssigner.java:23)
	at com.secretsanta.service.SecretSantaAssigner.assignSecretSantas(SecretSantaAssigner.java:23)
	at com.secretsanta.service.SecretSantaAssigner.assignSecretSantas(SecretSantaAssigner.java:23)
	at com.secretsanta.service.SecretSantaAssigner.assignSecretSantas(SecretSantaAssigner.java:23)
	at com.secretsanta.service.SecretSantaAssigner.assignSecretSantas(SecretSantaAssigner.java:23)
	at com.secretsanta.service.SecretSantaAssigner.assignSecretSantas(SecretSantaAssigner.java:23)
	at com.secretsanta.service.SecretSantaAssigner.assignSecretSantas(SecretSantaAssigner.java:23)
	at com.secretsanta.service.SecretSantaAssigner.assignSecretSantas(SecretSantaAssigner.java:23)
	at com.secretsanta.service.SecretSantaAssigner.assignSecretSantas(SecretSantaAssigner.java:23)
	at com.secretsanta.service.SecretSantaAssigner.assignSecretSantas(SecretSantaAssigner.java:23)
	at com.secretsanta.service.SecretSantaAssigner.assignSecretSantas(SecretSantaAssigner.java:23)
	at com.secretsanta.service.SecretSantaAssigner.assignSecretSantas(SecretSantaAssigner.java:23)
	at com.secretsanta.service.SecretSantaAssigner.assignSecretSantas(SecretSantaAssigner.java:23)
	at com.secretsanta.service.SecretSantaAssigner.assignSecretSantas(SecretSantaAssigner.java:23)
	at com.secretsanta.service.SecretSantaAssigner.assignSecretSantas(SecretSantaAssigner.java:23)
	at com.secretsanta.service.SecretSantaAssigner.assignSecretSantas(SecretSantaAssigner.java:23)
	at com.secretsanta.service.SecretSantaAssigner.assignSecretSantas(SecretSantaAssigner.java:23)
	at com.secretsanta.service.SecretSantaAssigner.assignSecretSantas(SecretSantaAssigner.java:23)
	at com.secretsanta.service.SecretSantaAssigner.assignSecretSantas(SecretSantaAssigner.java:23)
	at com.secretsanta.service.SecretSantaAssigner.assignSecretSantas(SecretSantaAssigner.java:23)
	at com.secretsanta.service.SecretSantaAssigner.assignSecretSantas(SecretSantaAssigner.java:23)
	at com.secretsanta.service.SecretSantaAssigner.assignSecretSantas(SecretSantaAssigner.java:23)
	at com.secretsanta.service.SecretSantaAssigner.assignSecretSantas(SecretSantaAssigner.java:23)
	at com.secretsanta.service.SecretSantaAssigner.assignSecretSantas(SecretSantaAssigner.java:23)
	at com.secretsanta.service.SecretSantaAssigner.assignSecretSantas(SecretSantaAssigner.java:23)
	at com.secretsanta.service.SecretSantaAssigner.assignSecretSantas(SecretSantaAssigner.java:23)
	at com.secretsanta.service.SecretSantaAssigner.assignSecretSantas(SecretSantaAssigner.java:23)
	at com.secretsanta.service.SecretSantaAssigner.assignSecretSantas(SecretSantaAssigner.java:23)
	at com.secretsanta.service.SecretSantaAssigner.assignSecretSantas(SecretSantaAssigner.java:23)
	at com.secretsanta.service.SecretSantaAssigner.assignSecretSantas(SecretSantaAssigner.java:23)
	at com.secretsanta.service.SecretSantaAssigner.assignSecretSantas(SecretSantaAssigner.java:23)
	at com.secretsanta.service.SecretSantaAssigner.assignSecretSantas(SecretSantaAssigner.java:23)
	at com.secretsanta.service.SecretSantaAssigner.assignSecretSantas(SecretSantaAssigner.java:23)
	at com.secretsanta.service.SecretSantaAssigner.assignSecretSantas(SecretSantaAssigner.java:23)
	at com.secretsanta.service.SecretSantaAssigner.assignSecretSantas(SecretSantaAssigner.java:23)
	at com.secretsanta.service.SecretSantaAssigner.assignSecretSantas(SecretSantaAssigner.java:23)
	at com.secretsanta.service.SecretSantaAssigner.assignSecretSantas(SecretSantaAssigner.java:23)
	at com.secretsanta.service.SecretSantaAssigner.assignSecretSantas(SecretSantaAssigner.java:23)
	at com.secretsanta.service.SecretSantaAssigner.assignSecretSantas(SecretSantaAssigner.java:23)
	at com.secretsanta.service.SecretSantaAssigner.assignSecretSantas(SecretSantaAssigner.java:23)
	at com.secretsanta.service.SecretSantaAssigner.assignSecretSantas(SecretSantaAssigner.java:23)
	at com.secretsanta.service.SecretSantaAssigner.assignSecretSantas(SecretSantaAssigner.java:23)
	at com.secretsanta.service.SecretSantaAssigner.assignSecretSantas(SecretSantaAssigner.java:23)
	at com.secretsanta.service.SecretSantaAssigner.assignSecretSantas(SecretSantaAssigner.java:23)
	at com.secretsanta.service.SecretSantaAssigner.assignSecretSantas(SecretSantaAssigner.java:23)
	at com.secretsanta.service.SecretSantaAssigner.assignSecretSantas(SecretSantaAssigner.java:23)
	at com.secretsanta.service.SecretSantaAssigner.assignSecretSantas(SecretSantaAssigner.java:23)
	at com.secretsanta.service.SecretSantaAssigner.assignSecretSantas(SecretSantaAssigner.java:23)
	at com.secretsanta.service.SecretSantaAssigner.assignSecretSantas(SecretSantaAssigner.java:23)
	at com.secretsanta.service.SecretSantaAssigner.assignSecretSantas(SecretSantaAssigner.java:23)
	at com.secretsanta.service.SecretSantaAssigner.assignSecretSantas(SecretSantaAssigner.java:23)
	at com.secretsanta.service.SecretSantaAssigner.assignSecretSantas(SecretSantaAssigner.java:23)
	at com.secretsanta.service.SecretSantaAssigner.assignSecretSantas(SecretSantaAssigner.java:23)
	at com.secretsanta.service.SecretSantaAssigner.assignSecretSantas(SecretSantaAssigner.java:23)
	at com.secretsanta.service.SecretSantaAssigner.assignSecretSantas(SecretSantaAssigner.java:23)
	at com.secretsanta.service.SecretSantaAssigner.assignSecretSantas(SecretSantaAssigner.java:23)
	at com.secretsanta.service.SecretSantaAssigner.assignSecretSantas(SecretSantaAssigner.java:23)
	at com.secretsanta.service.SecretSantaAssigner.assignSecretSantas(SecretSantaAssigner.java:23)
	at com.secretsanta.service.SecretSantaAssigner.assignSecretSantas(SecretSantaAssigner.java:23)
	at com.secretsanta.service.SecretSantaAssigner.assignSecretSantas(SecretSantaAssigner.java:23)
	at com.secretsanta.service.SecretSantaAssigner.assignSecretSantas(SecretSantaAssigner.java:23)
	at com.secretsanta.service.SecretSantaAssigner.assignSecretSantas(SecretSantaAssigner.java:23)
	at com.secretsanta.service.SecretSantaAssigner.assignSecretSantas(SecretSantaAssigner.java:23)
	at com.secretsanta.service.SecretSantaAssigner.assignSecretSantas(SecretSantaAssigner.java:23)
	at com.secretsanta.service.SecretSantaAssigner.assignSecretSantas(SecretSantaAssigner.java:23)
	at com.secretsanta.service.SecretSantaAssigner.assignSecretSantas(SecretSantaAssigner.java:23)
	at com.secretsanta.service.SecretSantaAssigner.assignSecretSantas(SecretSantaAssigner.java:23)
	at com.secretsanta.service.SecretSantaAssigner.assignSecretSantas(SecretSantaAssigner.java:23)
	at com.secretsanta.service.SecretSantaAssigner.assignSecretSantas(SecretSantaAssigner.java:23)
	at com.secretsanta.service.SecretSantaAssigner.assignSecretSantas(SecretSantaAssigner.java:23)
	at com.secretsanta.service.SecretSantaAssigner.assignSecretSantas(SecretSantaAssigner.java:23)
	at com.secretsanta.service.SecretSantaAssigner.assignSecretSantas(SecretSantaAssigner.java:23)
	at com.secretsanta.service.SecretSantaAssigner.assignSecretSantas(SecretSantaAssigner.java:23)
	at com.secretsanta.service.SecretSantaAssigner.assignSecretSantas(SecretSantaAssigner.java:23)
	at com.secretsanta.service.SecretSantaAssigner.assignSecretSantas(SecretSantaAssigner.java:23)
	at com.secretsanta.service.SecretSantaAssigner.assignSecretSantas(SecretSantaAssigner.java:23)
	at com.secretsanta.service.SecretSantaAssigner.assignSecretSantas(SecretSantaAssigner.java:23)
	at com.secretsanta.service.SecretSantaAssigner.assignSecretSantas(SecretSantaAssigner.java:23)
	at com.secretsanta.service.SecretSantaAssigner.assignSecretSantas(SecretSantaAssigner.java:23)
	at com.secretsanta.service.SecretSantaAssigner.assignSecretSantas(SecretSantaAssigner.java:23)
	at com.secretsanta.service.SecretSantaAssigner.assignSecretSantas(SecretSantaAssigner.java:23)
	at com.secretsanta.service.SecretSantaAssigner.assignSecretSantas(SecretSantaAssigner.java:23)
	at com.secretsanta.service.SecretSantaAssigner.assignSecretSantas(SecretSantaAssigner.java:23)
	at com.secretsanta.service.SecretSantaAssigner.assignSecretSantas(SecretSantaAssigner.java:23)
	at com.secretsanta.service.SecretSantaAssigner.assignSecretSantas(SecretSantaAssigner.java:23)
	at com.secretsanta.service.SecretSantaAssigner.assignSecretSantas(SecretSantaAssigner.java:23)
	at com.secretsanta.service.SecretSantaAssigner.assignSecretSantas(SecretSantaAssigner.java:23)
	at com.secretsanta.service.SecretSantaAssigner.assignSecretSantas(SecretSantaAssigner.java:23)
	at com.secretsanta.service.SecretSantaAssigner.assignSecretSantas(SecretSantaAssigner.java:23)
	at com.secretsanta.service.SecretSantaAssigner.assignSecretSantas(SecretSantaAssigner.java:23)
	at com.secretsanta.service.SecretSantaAssigner.assignSecretSantas(SecretSantaAssigner.java:23)
	at com.secretsanta.service.SecretSantaAssigner.assignSecretSantas(SecretSantaAssigner.java:23)
	at com.secretsanta.service.SecretSantaAssigner.assignSecretSantas(SecretSantaAssigner.java:23)
	at com.secretsanta.service.SecretSantaAssigner.assignSecretSantas(SecretSantaAssigner.java:23)
	at com.secretsanta.service.SecretSantaAssigner.assignSecretSantas(SecretSantaAssigner.java:23)
	at com.secretsanta.service.SecretSantaAssigner.assignSecretSantas(SecretSantaAssigner.java:23)
	at com.secretsanta.service.SecretSantaAssigner.assignSecretSantas(SecretSantaAssigner.java:23)
	at com.secretsanta.service.SecretSantaAssigner.assignSecretSantas(SecretSantaAssigner.java:23)
	at com.secretsanta.service.SecretSantaAssigner.assignSecretSantas(SecretSantaAssigner.java:23)
	at com.secretsanta.service.SecretSantaAssigner.assignSecretSantas(SecretSantaAssigner.java:23)
	at com.secretsanta.service.SecretSantaAssigner.assignSecretSantas(SecretSantaAssigner.java:23)
	at com.secretsanta.service.SecretSantaAssigner.assignSecretSantas(SecretSantaAssigner.java:23)
	at com.secretsanta.service.SecretSantaAssigner.assignSecretSantas(SecretSantaAssigner.java:23)
	at com.secretsanta.service.SecretSantaAssigner.assignSecretSantas(SecretSantaAssigner.java:23)
	at com.secretsanta.service.SecretSantaAssigner.assignSecretSantas(SecretSantaAssigner.java:23)
	at com.secretsanta.service.SecretSantaAssigner.assignSecretSantas(SecretSantaAssigner.java:23)
	at com.secretsanta.service.SecretSantaAssigner.assignSecretSantas(SecretSantaAssigner.java:23)
	at com.secretsanta.service.SecretSantaAssigner.assignSecretSantas(SecretSantaAssigner.java:23)
	at com.secretsanta.service.SecretSantaAssigner.assignSecretSantas(SecretSantaAssigner.java:23)
	at com.secretsanta.service.SecretSantaAssigner.assignSecretSantas(SecretSantaAssigner.java:23)
	at com.secretsanta.service.SecretSantaAssigner.assignSecretSantas(SecretSantaAssigner.java:23)
	at com.secretsanta.service.SecretSantaAssigner.assignSecretSantas(SecretSantaAssigner.java:23)
	at com.secretsanta.service.SecretSantaAssigner.assignSecretSantas(SecretSantaAssigner.java:23)
	at com.secretsanta.service.SecretSantaAssigner.assignSecretSantas(SecretSantaAssigner.java:23)
	at com.secretsanta.service.SecretSantaAssigner.assignSecretSantas(SecretSantaAssigner.java:23)
	at com.secretsanta.service.SecretSantaAssigner.assignSecretSantas(SecretSantaAssigner.java:23)
	at com.secretsanta.service.SecretSantaAssigner.assignSecretSantas(SecretSantaAssigner.java:23)
	at com.secretsanta.service.SecretSantaAssigner.assignSecretSantas(SecretSantaAssigner.java:23)
	at com.secretsanta.service.SecretSantaAssigner.assignSecretSantas(SecretSantaAssigner.java:23)
	at com.secretsanta.service.SecretSantaAssigner.assignSecretSantas(SecretSantaAssigner.java:23)
	at com.secretsanta.service.SecretSantaAssigner.assignSecretSantas(SecretSantaAssigner.java:23)
	at com.secretsanta.service.SecretSantaAssigner.assignSecretSantas(SecretSantaAssigner.java:23)
	at com.secretsanta.service.SecretSantaAssigner.assignSecretSantas(SecretSantaAssigner.java:23)
	at com.secretsanta.service.SecretSantaAssigner.assignSecretSantas(SecretSantaAssigner.java:23)
	at com.secretsanta.service.SecretSantaAssigner.assignSecretSantas(SecretSantaAssigner.java:23)
	at com.secretsanta.service.SecretSantaAssigner.assignSecretSantas(SecretSantaAssigner.java:23)
	at com.secretsanta.service.SecretSantaAssigner.assignSecretSantas(SecretSantaAssigner.java:23)
	at com.secretsanta.service.SecretSantaAssigner.assignSecretSantas(SecretSantaAssigner.java:23)
	at com.secretsanta.service.SecretSantaAssigner.assignSecretSantas(SecretSantaAssigner.java:23)
	at com.secretsanta.service.SecretSantaAssigner.assignSecretSantas(SecretSantaAssigner.java:23)
	at com.secretsanta.service.SecretSantaAssigner.assignSecretSantas(SecretSantaAssigner.java:23)
	at com.secretsanta.service.SecretSantaAssigner.assignSecretSantas(SecretSantaAssigner.java:23)
	at com.secretsanta.service.SecretSantaAssigner.assignSecretSantas(SecretSantaAssigner.java:23)
	at com.secretsanta.service.SecretSantaAssigner.assignSecretSantas(SecretSantaAssigner.java:23)
	at com.secretsanta.service.SecretSantaAssigner.assignSecretSantas(SecretSantaAssigner.java:23)
	at com.secretsanta.service.SecretSantaAssigner.assignSecretSantas(SecretSantaAssigner.java:23)
	at com.secretsanta.service.SecretSantaAssigner.assignSecretSantas(SecretSantaAssigner.java:23)
	at com.secretsanta.service.SecretSantaAssigner.assignSecretSantas(SecretSantaAssigner.java:23)
	at com.secretsanta.service.SecretSantaAssigner.assignSecretSantas(SecretSantaAssigner.java:23)
	at com.secretsanta.service.SecretSantaAssigner.assignSecretSantas(SecretSantaAssigner.java:23)
	at com.secretsanta.service.SecretSantaAssigner.assignSecretSantas(SecretSantaAssigner.java:23)
	at com.secretsanta.service.SecretSantaAssigner.assignSecretSantas(SecretSantaAssigner.java:23)
	at com.secretsanta.service.SecretSantaAssigner.assignSecretSantas(SecretSantaAssigner.java:23)
	at com.secretsanta.service.SecretSantaAssigner.assignSecretSantas(SecretSantaAssigner.java:23)
	at com.secretsanta.service.SecretSantaAssigner.assignSecretSantas(SecretSantaAssigner.java:23)
	at com.secretsanta.service.SecretSantaAssigner.assignSecretSantas(SecretSantaAssigner.java:23)
	at com.secretsanta.service.SecretSantaAssigner.assignSecretSantas(SecretSantaAssigner.java:23)
	at com.secretsanta.service.SecretSantaAssigner.assignSecretSantas(SecretSantaAssigner.java:23)
	at com.secretsanta.service.SecretSantaAssigner.assignSecretSantas(SecretSantaAssigner.java:23)
	at com.secretsanta.service.SecretSantaAssigner.assignSecretSantas(SecretSantaAssigner.java:23)
	at com.secretsanta.service.SecretSantaAssigner.assignSecretSantas(SecretSantaAssigner.java:23)
	at com.secretsanta.service.SecretSantaAssigner.assignSecretSantas(SecretSantaAssigner.java:23)
	at com.secretsanta.service.SecretSantaAssigner.assignSecretSantas(SecretSantaAssigner.java:23)
	at com.secretsanta.service.SecretSantaAssigner.assignSecretSantas(SecretSantaAssigner.java:23)
	at com.secretsanta.service.SecretSantaAssigner.assignSecretSantas(SecretSantaAssigner.java:23)
	at com.secretsanta.service.SecretSantaAssigner.assignSecretSantas(SecretSantaAssigner.java:23)
	at com.secretsanta.service.SecretSantaAssigner.assignSecretSantas(SecretSantaAssigner.java:23)
	at com.secretsanta.service.SecretSantaAssigner.assignSecretSantas(SecretSantaAssigner.java:23)
	at com.secretsanta.service.SecretSantaAssigner.assignSecretSantas(SecretSantaAssigner.java:23)
	at com.secretsanta.service.SecretSantaAssigner.assignSecretSantas(SecretSantaAssigner.java:23)
	at com.secretsanta.service.SecretSantaAssigner.assignSecretSantas(SecretSantaAssigner.java:23)
	at com.secretsanta.service.SecretSantaAssigner.assignSecretSantas(SecretSantaAssigner.java:23)
	at com.secretsanta.service.SecretSantaAssigner.assignSecretSantas(SecretSantaAssigner.java:23)
	at com.secretsanta.service.SecretSantaAssigner.assignSecretSantas(SecretSantaAssigner.java:23)
	at com.secretsanta.service.SecretSantaAssigner.assignSecretSantas(SecretSantaAssigner.java:23)
	at com.secretsanta.service.SecretSantaAssigner.assignSecretSantas(SecretSantaAssigner.java:23)
	at com.secretsanta.service.SecretSantaAssigner.assignSecretSantas(SecretSantaAssigner.java:23)
	at com.secretsanta.service.SecretSantaAssigner.assignSecretSantas(SecretSantaAssigner.java:23)
	at com.secretsanta.service.SecretSantaAssigner.assignSecretSantas(SecretSantaAssigner.java:23)
	at com.secretsanta.service.SecretSantaAssigner.assignSecretSantas(SecretSantaAssigner.java:23)
	at com.secretsanta.service.SecretSantaAssigner.assignSecretSantas(SecretSantaAssigner.java:23)
	at com.secretsanta.service.SecretSantaAssigner.assignSecretSantas(SecretSantaAssigner.java:23)
	at com.secretsanta.service.SecretSantaAssigner.assignSecretSantas(SecretSantaAssigner.java:23)
	at com.secretsanta.service.SecretSantaAssigner.assignSecretSantas(SecretSantaAssigner.java:23)
	at com.secretsanta.service.SecretSantaAssigner.assignSecretSantas(SecretSantaAssigner.java:23)
	at com.secretsanta.service.SecretSantaAssigner.assignSecretSantas(SecretSantaAssigner.java:23)
	at com.secretsanta.service.SecretSantaAssigner.assignSecretSantas(SecretSantaAssigner.java:23)
	at com.secretsanta.service.SecretSantaAssigner.assignSecretSantas(SecretSantaAssigner.java:23)
	at com.secretsanta.service.SecretSantaAssigner.assignSecretSantas(SecretSantaAssigner.java:23)
	at com.secretsanta.service.SecretSantaAssigner.assignSecretSantas(SecretSantaAssigner.java:23)
	at com.secretsanta.service.SecretSantaAssigner.assignSecretSantas(SecretSantaAssigner.java:23)
	at com.secretsanta.service.SecretSantaAssigner.assignSecretSantas(SecretSantaAssigner.java:23)
	at com.secretsanta.service.SecretSantaAssigner.assignSecretSantas(SecretSantaAssigner.java:23)
	at com.secretsanta.service.SecretSantaAssigner.assignSecretSantas(SecretSantaAssigner.java:23)
	at com.secretsanta.service.SecretSantaAssigner.assignSecretSantas(SecretSantaAssigner.java:23)

