<?xml version="1.0" encoding="UTF-8"?>
<testsuite xmlns:xsi="http://www.w3.org/2001/XMLSchema-instance" xsi:noNamespaceSchemaLocation="https://maven.apache.org/surefire/maven-surefire-plugin/xsd/surefire-test-report-3.0.xsd" version="3.0" name="com.secretsanta.SecretSantaAssignerTest" time="0.093" tests="3" errors="0" skipped="0" failures="0">
  <properties>
[...]
</properties>
  <testcase name="testAtLeastTwoEmployeesRequired" classname="com.secretsanta.SecretSantaAssignerTest" time="0.057"/>
  <testcase name="testValidAssignments" classname="com.secretsanta.SecretSantaAssignerTest" time="0.008"/>
  <testcase name="testPreviousAssignments" classname="com.secretsanta.SecretSantaAssignerTest" time="0.002"/>
</testsuite>